mode: set
github.com/kusmin/gestao_updev/backend/internal/service/auth.go:34.89,36.16 2 0
github.com/kusmin/gestao_updev/backend/internal/service/auth.go:36.16,38.3 1 0
github.com/kusmin/gestao_updev/backend/internal/service/auth.go:40.2,55.73 3 0
github.com/kusmin/gestao_updev/backend/internal/service/auth.go:55.73,56.50 1 0
github.com/kusmin/gestao_updev/backend/internal/service/auth.go:56.50,58.4 1 0
github.com/kusmin/gestao_updev/backend/internal/service/auth.go:59.3,60.47 2 0
github.com/kusmin/gestao_updev/backend/internal/service/auth.go:60.47,62.4 1 0
github.com/kusmin/gestao_updev/backend/internal/service/auth.go:63.3,63.13 1 0
github.com/kusmin/gestao_updev/backend/internal/service/auth.go:65.2,65.16 1 0
github.com/kusmin/gestao_updev/backend/internal/service/auth.go:65.16,67.3 1 0
github.com/kusmin/gestao_updev/backend/internal/service/auth.go:69.2,70.16 2 0
github.com/kusmin/gestao_updev/backend/internal/service/auth.go:70.16,72.3 1 0
github.com/kusmin/gestao_updev/backend/internal/service/auth.go:74.2,78.8 1 0
github.com/kusmin/gestao_updev/backend/internal/service/auth.go:82.109,86.34 2 0
github.com/kusmin/gestao_updev/backend/internal/service/auth.go:86.34,87.36 1 0
github.com/kusmin/gestao_updev/backend/internal/service/auth.go:87.36,89.4 1 0
github.com/kusmin/gestao_updev/backend/internal/service/auth.go:90.3,90.23 1 0
github.com/kusmin/gestao_updev/backend/internal/service/auth.go:93.2,93.18 1 0
github.com/kusmin/gestao_updev/backend/internal/service/auth.go:93.18,95.3 1 0
github.com/kusmin/gestao_updev/backend/internal/service/auth.go:97.2,97.99 1 0
github.com/kusmin/gestao_updev/backend/internal/service/auth.go:97.99,99.3 1 0
github.com/kusmin/gestao_updev/backend/internal/service/auth.go:101.2,102.16 2 0
github.com/kusmin/gestao_updev/backend/internal/service/auth.go:102.16,104.3 1 0
github.com/kusmin/gestao_updev/backend/internal/service/auth.go:106.2,109.30 3 0
github.com/kusmin/gestao_updev/backend/internal/service/auth.go:113.100,115.16 2 0
github.com/kusmin/gestao_updev/backend/internal/service/auth.go:115.16,117.3 1 0
github.com/kusmin/gestao_updev/backend/internal/service/auth.go:119.2,122.34 2 0
github.com/kusmin/gestao_updev/backend/internal/service/auth.go:122.34,123.36 1 0
github.com/kusmin/gestao_updev/backend/internal/service/auth.go:123.36,125.4 1 0
github.com/kusmin/gestao_updev/backend/internal/service/auth.go:126.3,126.18 1 0
github.com/kusmin/gestao_updev/backend/internal/service/auth.go:128.2,128.18 1 0
github.com/kusmin/gestao_updev/backend/internal/service/auth.go:128.18,130.3 1 0
github.com/kusmin/gestao_updev/backend/internal/service/auth.go:132.2,133.16 2 0
github.com/kusmin/gestao_updev/backend/internal/service/auth.go:133.16,135.3 1 0
github.com/kusmin/gestao_updev/backend/internal/service/auth.go:136.2,136.23 1 0
github.com/kusmin/gestao_updev/backend/internal/service/bookings.go:43.121,47.25 2 0
github.com/kusmin/gestao_updev/backend/internal/service/bookings.go:47.25,49.3 1 0
github.com/kusmin/gestao_updev/backend/internal/service/bookings.go:50.2,50.34 1 0
github.com/kusmin/gestao_updev/backend/internal/service/bookings.go:50.34,52.3 1 0
github.com/kusmin/gestao_updev/backend/internal/service/bookings.go:53.2,53.24 1 0
github.com/kusmin/gestao_updev/backend/internal/service/bookings.go:53.24,57.3 3 0
github.com/kusmin/gestao_updev/backend/internal/service/bookings.go:59.2,60.74 2 0
github.com/kusmin/gestao_updev/backend/internal/service/bookings.go:60.74,62.3 1 0
github.com/kusmin/gestao_updev/backend/internal/service/bookings.go:63.2,63.22 1 0
github.com/kusmin/gestao_updev/backend/internal/service/bookings.go:66.119,67.94 1 1
github.com/kusmin/gestao_updev/backend/internal/service/bookings.go:67.94,69.3 1 1
github.com/kusmin/gestao_updev/backend/internal/service/bookings.go:70.2,70.106 1 0
github.com/kusmin/gestao_updev/backend/internal/service/bookings.go:70.106,72.3 1 0
github.com/kusmin/gestao_updev/backend/internal/service/bookings.go:73.2,73.24 1 0
github.com/kusmin/gestao_updev/backend/internal/service/bookings.go:73.24,75.3 1 0
github.com/kusmin/gestao_updev/backend/internal/service/bookings.go:77.2,79.37 3 0
github.com/kusmin/gestao_updev/backend/internal/service/bookings.go:79.37,81.123 2 0
github.com/kusmin/gestao_updev/backend/internal/service/bookings.go:81.123,83.4 1 0
github.com/kusmin/gestao_updev/backend/internal/service/bookings.go:84.3,85.20 2 0
github.com/kusmin/gestao_updev/backend/internal/service/bookings.go:88.2,88.102 1 0
github.com/kusmin/gestao_updev/backend/internal/service/bookings.go:88.102,90.3 1 0
github.com/kusmin/gestao_updev/backend/internal/service/bookings.go:92.2,106.67 2 0
github.com/kusmin/gestao_updev/backend/internal/service/bookings.go:106.67,108.3 1 0
github.com/kusmin/gestao_updev/backend/internal/service/bookings.go:109.2,109.21 1 0
github.com/kusmin/gestao_updev/backend/internal/service/bookings.go:112.136,116.37 2 0
github.com/kusmin/gestao_updev/backend/internal/service/bookings.go:116.37,118.3 1 0
github.com/kusmin/gestao_updev/backend/internal/service/bookings.go:120.2,120.48 1 0
github.com/kusmin/gestao_updev/backend/internal/service/bookings.go:120.48,123.27 3 0
github.com/kusmin/gestao_updev/backend/internal/service/bookings.go:123.27,125.4 1 0
github.com/kusmin/gestao_updev/backend/internal/service/bookings.go:126.3,126.25 1 0
github.com/kusmin/gestao_updev/backend/internal/service/bookings.go:126.25,128.4 1 0
github.com/kusmin/gestao_updev/backend/internal/service/bookings.go:129.3,129.112 1 0
github.com/kusmin/gestao_updev/backend/internal/service/bookings.go:129.112,131.4 1 0
github.com/kusmin/gestao_updev/backend/internal/service/bookings.go:134.2,135.25 2 0
github.com/kusmin/gestao_updev/backend/internal/service/bookings.go:135.25,137.3 1 0
github.com/kusmin/gestao_updev/backend/internal/service/bookings.go:138.2,138.26 1 0
github.com/kusmin/gestao_updev/backend/internal/service/bookings.go:138.26,140.3 1 0
github.com/kusmin/gestao_updev/backend/internal/service/bookings.go:141.2,141.24 1 0
github.com/kusmin/gestao_updev/backend/internal/service/bookings.go:141.24,143.3 1 0
github.com/kusmin/gestao_updev/backend/internal/service/bookings.go:144.2,144.24 1 0
github.com/kusmin/gestao_updev/backend/internal/service/bookings.go:144.24,146.3 1 0
github.com/kusmin/gestao_updev/backend/internal/service/bookings.go:148.2,148.23 1 0
github.com/kusmin/gestao_updev/backend/internal/service/bookings.go:148.23,150.3 1 0
github.com/kusmin/gestao_updev/backend/internal/service/bookings.go:152.2,155.38 1 0
github.com/kusmin/gestao_updev/backend/internal/service/bookings.go:155.38,157.3 1 0
github.com/kusmin/gestao_updev/backend/internal/service/bookings.go:159.2,161.37 1 0
github.com/kusmin/gestao_updev/backend/internal/service/bookings.go:161.37,163.3 1 0
github.com/kusmin/gestao_updev/backend/internal/service/bookings.go:164.2,164.22 1 0
github.com/kusmin/gestao_updev/backend/internal/service/bookings.go:167.125,171.37 2 0
github.com/kusmin/gestao_updev/backend/internal/service/bookings.go:171.37,173.3 1 0
github.com/kusmin/gestao_updev/backend/internal/service/bookings.go:175.2,176.21 2 0
github.com/kusmin/gestao_updev/backend/internal/service/bookings.go:176.21,178.3 1 0
github.com/kusmin/gestao_updev/backend/internal/service/bookings.go:179.2,179.18 1 0
github.com/kusmin/gestao_updev/backend/internal/service/bookings.go:179.18,181.3 1 0
github.com/kusmin/gestao_updev/backend/internal/service/bookings.go:183.2,189.24 1 0
github.com/kusmin/gestao_updev/backend/internal/service/bookings.go:189.24,191.3 1 0
github.com/kusmin/gestao_updev/backend/internal/service/bookings.go:193.2,195.37 1 0
github.com/kusmin/gestao_updev/backend/internal/service/bookings.go:195.37,197.3 1 0
github.com/kusmin/gestao_updev/backend/internal/service/bookings.go:198.2,198.22 1 0
github.com/kusmin/gestao_updev/backend/internal/service/bookings.go:201.146,207.21 2 0
github.com/kusmin/gestao_updev/backend/internal/service/bookings.go:207.21,209.3 1 0
github.com/kusmin/gestao_updev/backend/internal/service/bookings.go:211.2,212.53 2 0
github.com/kusmin/gestao_updev/backend/internal/service/bookings.go:212.53,213.36 1 0
github.com/kusmin/gestao_updev/backend/internal/service/bookings.go:213.36,215.4 1 0
github.com/kusmin/gestao_updev/backend/internal/service/bookings.go:216.3,216.13 1 0
github.com/kusmin/gestao_updev/backend/internal/service/bookings.go:218.2,218.27 1 0
github.com/kusmin/gestao_updev/backend/internal/service/bookings.go:221.104,224.25 2 0
github.com/kusmin/gestao_updev/backend/internal/service/bookings.go:224.25,226.3 1 0
github.com/kusmin/gestao_updev/backend/internal/service/bookings.go:227.2,227.34 1 0
github.com/kusmin/gestao_updev/backend/internal/service/bookings.go:227.34,229.3 1 0
github.com/kusmin/gestao_updev/backend/internal/service/bookings.go:230.2,230.24 1 0
github.com/kusmin/gestao_updev/backend/internal/service/bookings.go:230.24,234.3 3 0
github.com/kusmin/gestao_updev/backend/internal/service/bookings.go:236.2,237.74 2 0
github.com/kusmin/gestao_updev/backend/internal/service/bookings.go:237.74,239.3 1 0
github.com/kusmin/gestao_updev/backend/internal/service/bookings.go:240.2,240.22 1 0
github.com/kusmin/gestao_updev/backend/internal/service/bookings.go:248.109,250.2 1 0
github.com/kusmin/gestao_updev/backend/internal/service/bookings.go:252.131,254.88 2 0
github.com/kusmin/gestao_updev/backend/internal/service/bookings.go:254.88,256.3 1 0
github.com/kusmin/gestao_updev/backend/internal/service/bookings.go:257.2,257.65 1 0
github.com/kusmin/gestao_updev/backend/internal/service/bookings.go:260.86,262.2 1 0
github.com/kusmin/gestao_updev/backend/internal/service/catalog.go:35.99,40.37 2 1
github.com/kusmin/gestao_updev/backend/internal/service/catalog.go:40.37,42.3 1 0
github.com/kusmin/gestao_updev/backend/internal/service/catalog.go:43.2,43.22 1 1
github.com/kusmin/gestao_updev/backend/internal/service/catalog.go:46.107,50.37 2 1
github.com/kusmin/gestao_updev/backend/internal/service/catalog.go:50.37,52.3 1 1
github.com/kusmin/gestao_updev/backend/internal/service/catalog.go:53.2,53.22 1 1
github.com/kusmin/gestao_updev/backend/internal/service/catalog.go:56.119,69.67 2 1
github.com/kusmin/gestao_updev/backend/internal/service/catalog.go:69.67,71.3 1 0
github.com/kusmin/gestao_updev/backend/internal/service/catalog.go:72.2,72.21 1 1
github.com/kusmin/gestao_updev/backend/internal/service/catalog.go:75.130,79.37 2 1
github.com/kusmin/gestao_updev/backend/internal/service/catalog.go:79.37,81.3 1 0
github.com/kusmin/gestao_updev/backend/internal/service/catalog.go:83.2,96.38 2 1
github.com/kusmin/gestao_updev/backend/internal/service/catalog.go:96.38,98.3 1 0
github.com/kusmin/gestao_updev/backend/internal/service/catalog.go:100.2,102.37 1 1
github.com/kusmin/gestao_updev/backend/internal/service/catalog.go:102.37,104.3 1 0
github.com/kusmin/gestao_updev/backend/internal/service/catalog.go:105.2,105.22 1 1
github.com/kusmin/gestao_updev/backend/internal/service/catalog.go:108.91,112.2 1 1
github.com/kusmin/gestao_updev/backend/internal/service/catalog.go:114.99,119.37 2 1
github.com/kusmin/gestao_updev/backend/internal/service/catalog.go:119.37,121.3 1 0
github.com/kusmin/gestao_updev/backend/internal/service/catalog.go:122.2,122.22 1 1
github.com/kusmin/gestao_updev/backend/internal/service/catalog.go:125.107,129.37 2 1
github.com/kusmin/gestao_updev/backend/internal/service/catalog.go:129.37,131.3 1 1
github.com/kusmin/gestao_updev/backend/internal/service/catalog.go:132.2,132.22 1 1
github.com/kusmin/gestao_updev/backend/internal/service/catalog.go:135.119,149.67 2 1
github.com/kusmin/gestao_updev/backend/internal/service/catalog.go:149.67,151.3 1 0
github.com/kusmin/gestao_updev/backend/internal/service/catalog.go:152.2,152.21 1 1
github.com/kusmin/gestao_updev/backend/internal/service/catalog.go:155.130,159.37 2 1
github.com/kusmin/gestao_updev/backend/internal/service/catalog.go:159.37,161.3 1 0
github.com/kusmin/gestao_updev/backend/internal/service/catalog.go:163.2,177.38 2 1
github.com/kusmin/gestao_updev/backend/internal/service/catalog.go:177.38,179.3 1 0
github.com/kusmin/gestao_updev/backend/internal/service/catalog.go:181.2,183.37 1 1
github.com/kusmin/gestao_updev/backend/internal/service/catalog.go:183.37,185.3 1 0
github.com/kusmin/gestao_updev/backend/internal/service/catalog.go:186.2,186.22 1 1
github.com/kusmin/gestao_updev/backend/internal/service/catalog.go:189.91,193.2 1 1
github.com/kusmin/gestao_updev/backend/internal/service/catalog.go:195.82,199.37 2 1
github.com/kusmin/gestao_updev/backend/internal/service/catalog.go:199.37,201.3 1 0
github.com/kusmin/gestao_updev/backend/internal/service/catalog.go:202.2,202.22 1 1
github.com/kusmin/gestao_updev/backend/internal/service/catalog.go:210.109,224.67 2 1
github.com/kusmin/gestao_updev/backend/internal/service/catalog.go:224.67,226.3 1 0
github.com/kusmin/gestao_updev/backend/internal/service/catalog.go:227.2,227.21 1 1
github.com/kusmin/gestao_updev/backend/internal/service/catalog.go:230.125,233.58 2 1
github.com/kusmin/gestao_updev/backend/internal/service/catalog.go:233.58,235.3 1 0
github.com/kusmin/gestao_updev/backend/internal/service/catalog.go:237.2,251.38 2 1
github.com/kusmin/gestao_updev/backend/internal/service/catalog.go:251.38,253.3 1 0
github.com/kusmin/gestao_updev/backend/internal/service/catalog.go:255.2,256.58 1 1
github.com/kusmin/gestao_updev/backend/internal/service/catalog.go:256.58,258.3 1 0
github.com/kusmin/gestao_updev/backend/internal/service/catalog.go:259.2,259.22 1 1
github.com/kusmin/gestao_updev/backend/internal/service/catalog.go:262.86,265.2 1 1
github.com/kusmin/gestao_updev/backend/internal/service/catalog.go:267.82,271.37 2 1
github.com/kusmin/gestao_updev/backend/internal/service/catalog.go:271.37,273.3 1 0
github.com/kusmin/gestao_updev/backend/internal/service/catalog.go:274.2,274.22 1 1
github.com/kusmin/gestao_updev/backend/internal/service/catalog.go:282.109,295.67 2 1
github.com/kusmin/gestao_updev/backend/internal/service/catalog.go:295.67,297.3 1 0
github.com/kusmin/gestao_updev/backend/internal/service/catalog.go:298.2,298.21 1 1
github.com/kusmin/gestao_updev/backend/internal/service/catalog.go:301.125,304.58 2 1
github.com/kusmin/gestao_updev/backend/internal/service/catalog.go:304.58,306.3 1 0
github.com/kusmin/gestao_updev/backend/internal/service/catalog.go:308.2,321.38 2 1
github.com/kusmin/gestao_updev/backend/internal/service/catalog.go:321.38,323.3 1 0
github.com/kusmin/gestao_updev/backend/internal/service/catalog.go:325.2,326.58 1 1
github.com/kusmin/gestao_updev/backend/internal/service/catalog.go:326.58,328.3 1 0
github.com/kusmin/gestao_updev/backend/internal/service/catalog.go:329.2,329.22 1 1
github.com/kusmin/gestao_updev/backend/internal/service/catalog.go:332.86,335.2 1 1
github.com/kusmin/gestao_updev/backend/internal/service/clients.go:41.126,51.25 5 1
github.com/kusmin/gestao_updev/backend/internal/service/clients.go:51.25,54.3 2 1
github.com/kusmin/gestao_updev/backend/internal/service/clients.go:56.2,56.34 1 1
github.com/kusmin/gestao_updev/backend/internal/service/clients.go:56.34,59.3 2 1
github.com/kusmin/gestao_updev/backend/internal/service/clients.go:61.2,61.50 1 1
github.com/kusmin/gestao_updev/backend/internal/service/clients.go:61.50,63.3 1 0
github.com/kusmin/gestao_updev/backend/internal/service/clients.go:65.2,65.16 1 1
github.com/kusmin/gestao_updev/backend/internal/service/clients.go:65.16,67.3 1 0
github.com/kusmin/gestao_updev/backend/internal/service/clients.go:69.2,73.36 1 1
github.com/kusmin/gestao_updev/backend/internal/service/clients.go:73.36,75.3 1 0
github.com/kusmin/gestao_updev/backend/internal/service/clients.go:77.2,77.28 1 1
github.com/kusmin/gestao_updev/backend/internal/service/clients.go:81.116,93.66 2 1
github.com/kusmin/gestao_updev/backend/internal/service/clients.go:93.66,95.3 1 0
github.com/kusmin/gestao_updev/backend/internal/service/clients.go:96.2,96.20 1 1
github.com/kusmin/gestao_updev/backend/internal/service/clients.go:100.118,104.36 2 1
github.com/kusmin/gestao_updev/backend/internal/service/clients.go:104.36,106.3 1 0
github.com/kusmin/gestao_updev/backend/internal/service/clients.go:108.2,114.16 3 1
github.com/kusmin/gestao_updev/backend/internal/service/clients.go:114.16,116.3 1 0
github.com/kusmin/gestao_updev/backend/internal/service/clients.go:118.2,122.41 2 1
github.com/kusmin/gestao_updev/backend/internal/service/clients.go:122.41,124.3 1 1
github.com/kusmin/gestao_updev/backend/internal/service/clients.go:124.8,124.42 1 0
github.com/kusmin/gestao_updev/backend/internal/service/clients.go:124.42,126.3 1 0
github.com/kusmin/gestao_updev/backend/internal/service/clients.go:128.2,137.31 3 1
github.com/kusmin/gestao_updev/backend/internal/service/clients.go:137.31,139.3 1 0
github.com/kusmin/gestao_updev/backend/internal/service/clients.go:140.2,142.29 2 1
github.com/kusmin/gestao_updev/backend/internal/service/clients.go:146.126,150.36 2 1
github.com/kusmin/gestao_updev/backend/internal/service/clients.go:150.36,152.3 1 0
github.com/kusmin/gestao_updev/backend/internal/service/clients.go:154.2,166.38 2 1
github.com/kusmin/gestao_updev/backend/internal/service/clients.go:166.38,168.3 1 0
github.com/kusmin/gestao_updev/backend/internal/service/clients.go:170.2,172.36 1 1
github.com/kusmin/gestao_updev/backend/internal/service/clients.go:172.36,174.3 1 0
github.com/kusmin/gestao_updev/backend/internal/service/clients.go:176.2,176.21 1 1
github.com/kusmin/gestao_updev/backend/internal/service/clients.go:180.89,184.2 1 1
github.com/kusmin/gestao_updev/backend/internal/service/clients.go:186.109,194.25 5 0
github.com/kusmin/gestao_updev/backend/internal/service/clients.go:194.25,197.3 2 0
github.com/kusmin/gestao_updev/backend/internal/service/clients.go:199.2,199.34 1 0
github.com/kusmin/gestao_updev/backend/internal/service/clients.go:199.34,202.3 2 0
github.com/kusmin/gestao_updev/backend/internal/service/clients.go:204.2,204.50 1 0
github.com/kusmin/gestao_updev/backend/internal/service/clients.go:204.50,206.3 1 0
github.com/kusmin/gestao_updev/backend/internal/service/clients.go:208.2,208.16 1 0
github.com/kusmin/gestao_updev/backend/internal/service/clients.go:208.16,210.3 1 0
github.com/kusmin/gestao_updev/backend/internal/service/clients.go:212.2,216.36 1 0
github.com/kusmin/gestao_updev/backend/internal/service/clients.go:216.36,218.3 1 0
github.com/kusmin/gestao_updev/backend/internal/service/clients.go:220.2,220.28 1 0
github.com/kusmin/gestao_updev/backend/internal/service/clients.go:228.106,240.66 2 0
github.com/kusmin/gestao_updev/backend/internal/service/clients.go:240.66,242.3 1 0
github.com/kusmin/gestao_updev/backend/internal/service/clients.go:243.2,243.20 1 0
github.com/kusmin/gestao_updev/backend/internal/service/clients.go:246.121,249.56 2 0
github.com/kusmin/gestao_updev/backend/internal/service/clients.go:249.56,251.3 1 0
github.com/kusmin/gestao_updev/backend/internal/service/clients.go:253.2,265.38 2 0
github.com/kusmin/gestao_updev/backend/internal/service/clients.go:265.38,267.3 1 0
github.com/kusmin/gestao_updev/backend/internal/service/clients.go:269.2,270.56 1 0
github.com/kusmin/gestao_updev/backend/internal/service/clients.go:270.56,272.3 1 0
github.com/kusmin/gestao_updev/backend/internal/service/clients.go:274.2,274.21 1 0
github.com/kusmin/gestao_updev/backend/internal/service/clients.go:277.84,280.2 1 0
github.com/kusmin/gestao_updev/backend/internal/service/clients.go:283.48,284.17 1 1
github.com/kusmin/gestao_updev/backend/internal/service/clients.go:284.17,286.3 1 1
github.com/kusmin/gestao_updev/backend/internal/service/clients.go:287.2,288.26 2 1
github.com/kusmin/gestao_updev/backend/internal/service/clients.go:291.71,292.20 1 1
github.com/kusmin/gestao_updev/backend/internal/service/clients.go:292.20,294.3 1 0
github.com/kusmin/gestao_updev/backend/internal/service/clients.go:295.2,295.35 1 1
github.com/kusmin/gestao_updev/backend/internal/service/company.go:21.96,23.87 2 0
github.com/kusmin/gestao_updev/backend/internal/service/company.go:23.87,25.3 1 0
github.com/kusmin/gestao_updev/backend/internal/service/company.go:26.2,26.22 1 0
github.com/kusmin/gestao_updev/backend/internal/service/company.go:30.125,32.87 2 0
github.com/kusmin/gestao_updev/backend/internal/service/company.go:32.87,34.3 1 0
github.com/kusmin/gestao_updev/backend/internal/service/company.go:36.2,37.23 2 0
github.com/kusmin/gestao_updev/backend/internal/service/company.go:37.23,39.3 1 0
github.com/kusmin/gestao_updev/backend/internal/service/company.go:40.2,40.27 1 0
github.com/kusmin/gestao_updev/backend/internal/service/company.go:40.27,42.3 1 0
github.com/kusmin/gestao_updev/backend/internal/service/company.go:43.2,43.24 1 0
github.com/kusmin/gestao_updev/backend/internal/service/company.go:43.24,45.3 1 0
github.com/kusmin/gestao_updev/backend/internal/service/company.go:46.2,46.24 1 0
github.com/kusmin/gestao_updev/backend/internal/service/company.go:46.24,48.3 1 0
github.com/kusmin/gestao_updev/backend/internal/service/company.go:49.2,49.27 1 0
github.com/kusmin/gestao_updev/backend/internal/service/company.go:49.27,51.3 1 0
github.com/kusmin/gestao_updev/backend/internal/service/company.go:53.2,53.23 1 0
github.com/kusmin/gestao_updev/backend/internal/service/company.go:53.23,55.3 1 0
github.com/kusmin/gestao_updev/backend/internal/service/company.go:57.2,60.38 1 0
github.com/kusmin/gestao_updev/backend/internal/service/company.go:60.38,62.3 1 0
github.com/kusmin/gestao_updev/backend/internal/service/company.go:64.2,64.87 1 0
github.com/kusmin/gestao_updev/backend/internal/service/company.go:64.87,66.3 1 0
github.com/kusmin/gestao_updev/backend/internal/service/company.go:68.2,68.22 1 0
github.com/kusmin/gestao_updev/backend/internal/service/company_service.go:14.76,16.2 1 0
github.com/kusmin/gestao_updev/backend/internal/service/company_service.go:18.90,20.2 1 0
github.com/kusmin/gestao_updev/backend/internal/service/company_service.go:22.101,24.2 1 0
github.com/kusmin/gestao_updev/backend/internal/service/company_service.go:33.112,41.52 2 0
github.com/kusmin/gestao_updev/backend/internal/service/company_service.go:41.52,43.3 1 0
github.com/kusmin/gestao_updev/backend/internal/service/company_service.go:45.2,45.21 1 0
github.com/kusmin/gestao_updev/backend/internal/service/company_service.go:55.126,57.16 2 0
github.com/kusmin/gestao_updev/backend/internal/service/company_service.go:57.16,59.3 1 0
github.com/kusmin/gestao_updev/backend/internal/service/company_service.go:61.2,61.22 1 0
github.com/kusmin/gestao_updev/backend/internal/service/company_service.go:61.22,63.3 1 0
github.com/kusmin/gestao_updev/backend/internal/service/company_service.go:64.2,64.26 1 0
github.com/kusmin/gestao_updev/backend/internal/service/company_service.go:64.26,66.3 1 0
github.com/kusmin/gestao_updev/backend/internal/service/company_service.go:67.2,67.23 1 0
github.com/kusmin/gestao_updev/backend/internal/service/company_service.go:67.23,69.3 1 0
github.com/kusmin/gestao_updev/backend/internal/service/company_service.go:70.2,70.23 1 0
github.com/kusmin/gestao_updev/backend/internal/service/company_service.go:70.23,72.3 1 0
github.com/kusmin/gestao_updev/backend/internal/service/company_service.go:74.2,74.52 1 0
github.com/kusmin/gestao_updev/backend/internal/service/company_service.go:74.52,76.3 1 0
github.com/kusmin/gestao_updev/backend/internal/service/company_service.go:78.2,78.21 1 0
github.com/kusmin/gestao_updev/backend/internal/service/company_service.go:81.81,83.2 1 0
github.com/kusmin/gestao_updev/backend/internal/service/dashboard.go:28.146,34.27 4 0
github.com/kusmin/gestao_updev/backend/internal/service/dashboard.go:34.27,36.3 1 0
github.com/kusmin/gestao_updev/backend/internal/service/dashboard.go:38.2,39.57 2 0
github.com/kusmin/gestao_updev/backend/internal/service/dashboard.go:39.57,41.3 1 0
github.com/kusmin/gestao_updev/backend/internal/service/dashboard.go:42.2,42.107 1 0
github.com/kusmin/gestao_updev/backend/internal/service/dashboard.go:42.107,44.3 1 0
github.com/kusmin/gestao_updev/backend/internal/service/dashboard.go:46.2,51.97 3 0
github.com/kusmin/gestao_updev/backend/internal/service/dashboard.go:51.97,53.3 1 0
github.com/kusmin/gestao_updev/backend/internal/service/dashboard.go:54.2,72.16 5 0
github.com/kusmin/gestao_updev/backend/internal/service/dashboard.go:72.16,74.3 1 0
github.com/kusmin/gestao_updev/backend/internal/service/dashboard.go:76.2,77.27 2 0
github.com/kusmin/gestao_updev/backend/internal/service/dashboard.go:77.27,83.3 1 0
github.com/kusmin/gestao_updev/backend/internal/service/dashboard.go:85.2,91.8 1 0
github.com/kusmin/gestao_updev/backend/internal/service/dashboard.go:105.86,107.97 2 0
github.com/kusmin/gestao_updev/backend/internal/service/dashboard.go:107.97,109.3 1 0
github.com/kusmin/gestao_updev/backend/internal/service/dashboard.go:111.2,112.92 2 0
github.com/kusmin/gestao_updev/backend/internal/service/dashboard.go:112.92,114.3 1 0
github.com/kusmin/gestao_updev/backend/internal/service/dashboard.go:116.2,117.96 2 0
github.com/kusmin/gestao_updev/backend/internal/service/dashboard.go:117.96,119.3 1 0
github.com/kusmin/gestao_updev/backend/internal/service/dashboard.go:121.2,122.98 2 0
github.com/kusmin/gestao_updev/backend/internal/service/dashboard.go:122.98,124.3 1 0
github.com/kusmin/gestao_updev/backend/internal/service/dashboard.go:126.2,127.98 2 0
github.com/kusmin/gestao_updev/backend/internal/service/dashboard.go:127.98,129.3 1 0
github.com/kusmin/gestao_updev/backend/internal/service/dashboard.go:131.2,132.98 2 0
github.com/kusmin/gestao_updev/backend/internal/service/dashboard.go:132.98,134.3 1 0
github.com/kusmin/gestao_updev/backend/internal/service/dashboard.go:136.2,140.132 3 0
github.com/kusmin/gestao_updev/backend/internal/service/dashboard.go:140.132,142.3 1 0
github.com/kusmin/gestao_updev/backend/internal/service/dashboard.go:143.2,153.8 2 0
github.com/kusmin/gestao_updev/backend/internal/service/inventory.go:32.143,36.29 2 0
github.com/kusmin/gestao_updev/backend/internal/service/inventory.go:36.29,38.3 1 0
github.com/kusmin/gestao_updev/backend/internal/service/inventory.go:39.2,39.23 1 0
github.com/kusmin/gestao_updev/backend/internal/service/inventory.go:39.23,41.3 1 0
github.com/kusmin/gestao_updev/backend/internal/service/inventory.go:42.2,42.29 1 0
github.com/kusmin/gestao_updev/backend/internal/service/inventory.go:42.29,44.3 1 0
github.com/kusmin/gestao_updev/backend/internal/service/inventory.go:45.2,45.27 1 0
github.com/kusmin/gestao_updev/backend/internal/service/inventory.go:45.27,47.3 1 0
github.com/kusmin/gestao_updev/backend/internal/service/inventory.go:49.2,50.78 2 0
github.com/kusmin/gestao_updev/backend/internal/service/inventory.go:50.78,52.3 1 0
github.com/kusmin/gestao_updev/backend/internal/service/inventory.go:53.2,53.23 1 0
github.com/kusmin/gestao_updev/backend/internal/service/inventory.go:56.141,57.25 1 1
github.com/kusmin/gestao_updev/backend/internal/service/inventory.go:57.25,59.3 1 0
github.com/kusmin/gestao_updev/backend/internal/service/inventory.go:61.2,61.20 1 1
github.com/kusmin/gestao_updev/backend/internal/service/inventory.go:62.99,62.99 0 1
github.com/kusmin/gestao_updev/backend/internal/service/inventory.go:63.10,64.38 1 0
github.com/kusmin/gestao_updev/backend/internal/service/inventory.go:66.2,66.96 1 1
github.com/kusmin/gestao_updev/backend/internal/service/inventory.go:66.96,68.3 1 0
github.com/kusmin/gestao_updev/backend/internal/service/inventory.go:69.2,69.26 1 1
github.com/kusmin/gestao_updev/backend/internal/service/inventory.go:69.26,70.99 1 1
github.com/kusmin/gestao_updev/backend/internal/service/inventory.go:70.99,72.4 1 1
github.com/kusmin/gestao_updev/backend/internal/service/inventory.go:75.2,84.26 2 0
github.com/kusmin/gestao_updev/backend/internal/service/inventory.go:84.26,86.3 1 0
github.com/kusmin/gestao_updev/backend/internal/service/inventory.go:88.2,88.68 1 0
github.com/kusmin/gestao_updev/backend/internal/service/inventory.go:88.68,90.3 1 0
github.com/kusmin/gestao_updev/backend/internal/service/inventory.go:91.2,91.22 1 0
github.com/kusmin/gestao_updev/backend/internal/service/professionals.go:12.109,18.42 2 0
github.com/kusmin/gestao_updev/backend/internal/service/professionals.go:18.42,20.3 1 0
github.com/kusmin/gestao_updev/backend/internal/service/professionals.go:21.2,21.27 1 0
github.com/kusmin/gestao_updev/backend/internal/service/sales.go:61.130,66.25 2 0
github.com/kusmin/gestao_updev/backend/internal/service/sales.go:66.25,68.3 1 0
github.com/kusmin/gestao_updev/backend/internal/service/sales.go:69.2,69.28 1 0
github.com/kusmin/gestao_updev/backend/internal/service/sales.go:69.28,71.3 1 0
github.com/kusmin/gestao_updev/backend/internal/service/sales.go:72.2,72.24 1 0
github.com/kusmin/gestao_updev/backend/internal/service/sales.go:72.24,76.3 3 0
github.com/kusmin/gestao_updev/backend/internal/service/sales.go:78.2,79.75 2 0
github.com/kusmin/gestao_updev/backend/internal/service/sales.go:79.75,81.3 1 0
github.com/kusmin/gestao_updev/backend/internal/service/sales.go:82.2,82.20 1 0
github.com/kusmin/gestao_updev/backend/internal/service/sales.go:85.128,86.27 1 1
github.com/kusmin/gestao_updev/backend/internal/service/sales.go:86.27,88.3 1 0
github.com/kusmin/gestao_updev/backend/internal/service/sales.go:89.2,89.94 1 1
github.com/kusmin/gestao_updev/backend/internal/service/sales.go:89.94,91.3 1 0
github.com/kusmin/gestao_updev/backend/internal/service/sales.go:92.2,92.28 1 1
github.com/kusmin/gestao_updev/backend/internal/service/sales.go:92.28,93.98 1 1
github.com/kusmin/gestao_updev/backend/internal/service/sales.go:93.98,95.4 1 1
github.com/kusmin/gestao_updev/backend/internal/service/sales.go:97.2,97.71 1 0
github.com/kusmin/gestao_updev/backend/internal/service/sales.go:97.71,99.3 1 0
github.com/kusmin/gestao_updev/backend/internal/service/sales.go:101.2,110.28 2 0
github.com/kusmin/gestao_updev/backend/internal/service/sales.go:110.28,112.3 1 0
github.com/kusmin/gestao_updev/backend/internal/service/sales.go:114.2,114.57 1 0
github.com/kusmin/gestao_updev/backend/internal/service/sales.go:114.57,116.48 2 0
github.com/kusmin/gestao_updev/backend/internal/service/sales.go:116.48,118.4 1 0
github.com/kusmin/gestao_updev/backend/internal/service/sales.go:120.3,120.36 1 0
github.com/kusmin/gestao_updev/backend/internal/service/sales.go:120.36,121.26 1 0
github.com/kusmin/gestao_updev/backend/internal/service/sales.go:121.26,123.5 1 0
github.com/kusmin/gestao_updev/backend/internal/service/sales.go:124.4,135.54 3 0
github.com/kusmin/gestao_updev/backend/internal/service/sales.go:135.54,137.5 1 0
github.com/kusmin/gestao_updev/backend/internal/service/sales.go:140.3,141.22 2 0
github.com/kusmin/gestao_updev/backend/internal/service/sales.go:141.22,143.4 1 0
github.com/kusmin/gestao_updev/backend/internal/service/sales.go:144.3,144.85 1 0
github.com/kusmin/gestao_updev/backend/internal/service/sales.go:146.2,146.16 1 0
github.com/kusmin/gestao_updev/backend/internal/service/sales.go:146.16,148.3 1 0
github.com/kusmin/gestao_updev/backend/internal/service/sales.go:150.2,152.54 1 0
github.com/kusmin/gestao_updev/backend/internal/service/sales.go:152.54,154.3 1 0
github.com/kusmin/gestao_updev/backend/internal/service/sales.go:155.2,155.19 1 0
github.com/kusmin/gestao_updev/backend/internal/service/sales.go:158.143,163.35 2 0
github.com/kusmin/gestao_updev/backend/internal/service/sales.go:163.35,165.3 1 0
github.com/kusmin/gestao_updev/backend/internal/service/sales.go:167.2,168.25 2 0
github.com/kusmin/gestao_updev/backend/internal/service/sales.go:168.25,170.3 1 0
github.com/kusmin/gestao_updev/backend/internal/service/sales.go:171.2,171.24 1 0
github.com/kusmin/gestao_updev/backend/internal/service/sales.go:171.24,173.3 1 0
github.com/kusmin/gestao_updev/backend/internal/service/sales.go:175.2,175.23 1 0
github.com/kusmin/gestao_updev/backend/internal/service/sales.go:175.23,177.3 1 0
github.com/kusmin/gestao_updev/backend/internal/service/sales.go:179.2,182.38 1 0
github.com/kusmin/gestao_updev/backend/internal/service/sales.go:182.38,184.3 1 0
github.com/kusmin/gestao_updev/backend/internal/service/sales.go:186.2,189.35 1 0
github.com/kusmin/gestao_updev/backend/internal/service/sales.go:189.35,191.3 1 0
github.com/kusmin/gestao_updev/backend/internal/service/sales.go:192.2,192.20 1 0
github.com/kusmin/gestao_updev/backend/internal/service/sales.go:195.125,196.91 1 0
github.com/kusmin/gestao_updev/backend/internal/service/sales.go:196.91,198.3 1 0
github.com/kusmin/gestao_updev/backend/internal/service/sales.go:199.2,209.28 2 0
github.com/kusmin/gestao_updev/backend/internal/service/sales.go:209.28,211.3 1 0
github.com/kusmin/gestao_updev/backend/internal/service/sales.go:213.2,213.67 1 0
github.com/kusmin/gestao_updev/backend/internal/service/sales.go:213.67,215.3 1 0
github.com/kusmin/gestao_updev/backend/internal/service/sales.go:216.2,216.21 1 0
github.com/kusmin/gestao_updev/backend/internal/service/sales.go:219.121,223.25 2 0
github.com/kusmin/gestao_updev/backend/internal/service/sales.go:223.25,225.3 1 0
github.com/kusmin/gestao_updev/backend/internal/service/sales.go:226.2,226.29 1 0
github.com/kusmin/gestao_updev/backend/internal/service/sales.go:226.29,228.3 1 0
github.com/kusmin/gestao_updev/backend/internal/service/sales.go:229.2,229.27 1 0
github.com/kusmin/gestao_updev/backend/internal/service/sales.go:229.27,231.3 1 0
github.com/kusmin/gestao_updev/backend/internal/service/sales.go:233.2,234.74 2 0
github.com/kusmin/gestao_updev/backend/internal/service/sales.go:234.74,236.3 1 0
github.com/kusmin/gestao_updev/backend/internal/service/sales.go:237.2,237.22 1 0
github.com/kusmin/gestao_updev/backend/internal/service/sales.go:240.107,241.29 1 0
github.com/kusmin/gestao_updev/backend/internal/service/sales.go:241.29,242.20 1 0
github.com/kusmin/gestao_updev/backend/internal/service/sales.go:243.18,244.93 1 0
github.com/kusmin/gestao_updev/backend/internal/service/sales.go:244.93,246.5 1 0
github.com/kusmin/gestao_updev/backend/internal/service/sales.go:247.18,248.93 1 0
github.com/kusmin/gestao_updev/backend/internal/service/sales.go:248.93,250.5 1 0
github.com/kusmin/gestao_updev/backend/internal/service/sales.go:251.11,252.66 1 0
github.com/kusmin/gestao_updev/backend/internal/service/sales.go:255.2,255.12 1 0
github.com/kusmin/gestao_updev/backend/internal/service/sales.go:258.88,263.35 2 0
github.com/kusmin/gestao_updev/backend/internal/service/sales.go:263.35,265.3 1 0
github.com/kusmin/gestao_updev/backend/internal/service/sales.go:266.2,266.20 1 0
github.com/kusmin/gestao_updev/backend/internal/service/sales.go:274.118,276.2 1 0
github.com/kusmin/gestao_updev/backend/internal/service/sales.go:278.138,280.84 2 0
github.com/kusmin/gestao_updev/backend/internal/service/sales.go:280.84,282.3 1 0
github.com/kusmin/gestao_updev/backend/internal/service/sales.go:283.2,283.64 1 0
github.com/kusmin/gestao_updev/backend/internal/service/sales.go:286.87,288.2 1 0
github.com/kusmin/gestao_updev/backend/internal/service/service.go:29.110,36.2 1 1
github.com/kusmin/gestao_updev/backend/internal/service/service.go:38.63,40.2 1 1
github.com/kusmin/gestao_updev/backend/internal/service/service.go:42.54,44.2 1 1
github.com/kusmin/gestao_updev/backend/internal/service/service.go:46.65,47.15 1 1
github.com/kusmin/gestao_updev/backend/internal/service/service.go:47.15,49.3 1 1
github.com/kusmin/gestao_updev/backend/internal/service/service.go:50.2,50.18 1 1
github.com/kusmin/gestao_updev/backend/internal/service/service.go:50.18,52.3 1 1
github.com/kusmin/gestao_updev/backend/internal/service/service.go:53.2,53.19 1 1
github.com/kusmin/gestao_updev/backend/internal/service/service.go:53.19,55.3 1 1
github.com/kusmin/gestao_updev/backend/internal/service/service.go:56.2,56.22 1 1
github.com/kusmin/gestao_updev/backend/internal/service/service.go:59.114,64.2 1 1
github.com/kusmin/gestao_updev/backend/internal/service/users.go:38.120,46.23 5 1
github.com/kusmin/gestao_updev/backend/internal/service/users.go:46.23,48.3 1 1
github.com/kusmin/gestao_updev/backend/internal/service/users.go:50.2,50.50 1 1
github.com/kusmin/gestao_updev/backend/internal/service/users.go:50.50,52.3 1 0
github.com/kusmin/gestao_updev/backend/internal/service/users.go:54.2,54.16 1 1
github.com/kusmin/gestao_updev/backend/internal/service/users.go:54.16,56.3 1 0
github.com/kusmin/gestao_updev/backend/internal/service/users.go:58.2,62.34 1 1
github.com/kusmin/gestao_updev/backend/internal/service/users.go:62.34,64.3 1 0
github.com/kusmin/gestao_updev/backend/internal/service/users.go:66.2,66.26 1 1
github.com/kusmin/gestao_updev/backend/internal/service/users.go:70.103,77.23 5 0
github.com/kusmin/gestao_updev/backend/internal/service/users.go:77.23,79.3 1 0
github.com/kusmin/gestao_updev/backend/internal/service/users.go:81.2,81.50 1 0
github.com/kusmin/gestao_updev/backend/internal/service/users.go:81.50,83.3 1 0
github.com/kusmin/gestao_updev/backend/internal/service/users.go:85.2,85.16 1 0
github.com/kusmin/gestao_updev/backend/internal/service/users.go:85.16,87.3 1 0
github.com/kusmin/gestao_updev/backend/internal/service/users.go:89.2,93.34 1 0
github.com/kusmin/gestao_updev/backend/internal/service/users.go:93.34,95.3 1 0
github.com/kusmin/gestao_updev/backend/internal/service/users.go:97.2,97.26 1 0
github.com/kusmin/gestao_updev/backend/internal/service/users.go:102.98,106.34 2 1
github.com/kusmin/gestao_updev/backend/internal/service/users.go:106.34,108.3 1 1
github.com/kusmin/gestao_updev/backend/internal/service/users.go:109.2,109.19 1 1
github.com/kusmin/gestao_updev/backend/internal/service/users.go:113.116,115.16 2 1
github.com/kusmin/gestao_updev/backend/internal/service/users.go:115.16,117.3 1 0
github.com/kusmin/gestao_updev/backend/internal/service/users.go:119.2,131.64 2 1
github.com/kusmin/gestao_updev/backend/internal/service/users.go:131.64,133.3 1 0
github.com/kusmin/gestao_updev/backend/internal/service/users.go:134.2,134.18 1 1
github.com/kusmin/gestao_updev/backend/internal/service/users.go:138.124,142.34 2 1
github.com/kusmin/gestao_updev/backend/internal/service/users.go:142.34,144.3 1 0
github.com/kusmin/gestao_updev/backend/internal/service/users.go:146.2,147.23 2 1
github.com/kusmin/gestao_updev/backend/internal/service/users.go:147.23,149.3 1 1
github.com/kusmin/gestao_updev/backend/internal/service/users.go:150.2,150.24 1 1
github.com/kusmin/gestao_updev/backend/internal/service/users.go:150.24,152.3 1 1
github.com/kusmin/gestao_updev/backend/internal/service/users.go:153.2,153.23 1 1
github.com/kusmin/gestao_updev/backend/internal/service/users.go:153.23,155.3 1 1
github.com/kusmin/gestao_updev/backend/internal/service/users.go:156.2,156.25 1 1
github.com/kusmin/gestao_updev/backend/internal/service/users.go:156.25,158.3 1 1
github.com/kusmin/gestao_updev/backend/internal/service/users.go:159.2,159.52 1 1
github.com/kusmin/gestao_updev/backend/internal/service/users.go:159.52,161.17 2 1
github.com/kusmin/gestao_updev/backend/internal/service/users.go:161.17,163.4 1 0
github.com/kusmin/gestao_updev/backend/internal/service/users.go:164.3,164.42 1 1
github.com/kusmin/gestao_updev/backend/internal/service/users.go:167.2,167.23 1 1
github.com/kusmin/gestao_updev/backend/internal/service/users.go:167.23,169.3 1 0
github.com/kusmin/gestao_updev/backend/internal/service/users.go:171.2,174.38 1 1
github.com/kusmin/gestao_updev/backend/internal/service/users.go:174.38,176.3 1 0
github.com/kusmin/gestao_updev/backend/internal/service/users.go:178.2,180.34 1 1
github.com/kusmin/gestao_updev/backend/internal/service/users.go:180.34,182.3 1 0
github.com/kusmin/gestao_updev/backend/internal/service/users.go:184.2,184.19 1 1
github.com/kusmin/gestao_updev/backend/internal/service/users.go:188.85,192.2 1 1
github.com/kusmin/gestao_updev/backend/internal/service/users.go:195.121,197.16 2 0
github.com/kusmin/gestao_updev/backend/internal/service/users.go:197.16,199.3 1 0
github.com/kusmin/gestao_updev/backend/internal/service/users.go:201.2,213.64 2 0
github.com/kusmin/gestao_updev/backend/internal/service/users.go:213.64,215.3 1 0
github.com/kusmin/gestao_updev/backend/internal/service/users.go:216.2,216.18 1 0
github.com/kusmin/gestao_updev/backend/internal/service/users.go:220.119,222.82 2 0
github.com/kusmin/gestao_updev/backend/internal/service/users.go:222.82,224.3 1 0
github.com/kusmin/gestao_updev/backend/internal/service/users.go:226.2,227.23 2 0
github.com/kusmin/gestao_updev/backend/internal/service/users.go:227.23,229.3 1 0
github.com/kusmin/gestao_updev/backend/internal/service/users.go:230.2,230.24 1 0
github.com/kusmin/gestao_updev/backend/internal/service/users.go:230.24,232.3 1 0
github.com/kusmin/gestao_updev/backend/internal/service/users.go:233.2,233.23 1 0
github.com/kusmin/gestao_updev/backend/internal/service/users.go:233.23,235.3 1 0
github.com/kusmin/gestao_updev/backend/internal/service/users.go:236.2,236.25 1 0
github.com/kusmin/gestao_updev/backend/internal/service/users.go:236.25,238.3 1 0
github.com/kusmin/gestao_updev/backend/internal/service/users.go:239.2,239.52 1 0
github.com/kusmin/gestao_updev/backend/internal/service/users.go:239.52,241.17 2 0
github.com/kusmin/gestao_updev/backend/internal/service/users.go:241.17,243.4 1 0
github.com/kusmin/gestao_updev/backend/internal/service/users.go:244.3,244.42 1 0
github.com/kusmin/gestao_updev/backend/internal/service/users.go:247.2,247.23 1 0
github.com/kusmin/gestao_updev/backend/internal/service/users.go:247.23,249.3 1 0
github.com/kusmin/gestao_updev/backend/internal/service/users.go:251.2,254.38 1 0
github.com/kusmin/gestao_updev/backend/internal/service/users.go:254.38,256.3 1 0
github.com/kusmin/gestao_updev/backend/internal/service/users.go:258.2,258.82 1 0
github.com/kusmin/gestao_updev/backend/internal/service/users.go:258.82,260.3 1 0
github.com/kusmin/gestao_updev/backend/internal/service/users.go:262.2,262.19 1 0
github.com/kusmin/gestao_updev/backend/internal/service/users.go:266.80,268.2 1 0
