mode: atomic
github.com/kusmin/gestao_updev/backend/cmd/api/main.go:36.13,38.16 2 0
github.com/kusmin/gestao_updev/backend/cmd/api/main.go:38.16,40.3 1 0
github.com/kusmin/gestao_updev/backend/cmd/api/main.go:42.2,43.16 2 0
github.com/kusmin/gestao_updev/backend/cmd/api/main.go:43.16,45.3 1 0
github.com/kusmin/gestao_updev/backend/cmd/api/main.go:46.2,59.16 5 0
github.com/kusmin/gestao_updev/backend/cmd/api/main.go:59.16,61.3 1 0
github.com/kusmin/gestao_updev/backend/cmd/api/main.go:62.2,62.15 1 0
github.com/kusmin/gestao_updev/backend/cmd/api/main.go:62.15,63.60 1 0
github.com/kusmin/gestao_updev/backend/cmd/api/main.go:63.60,65.4 1 0
github.com/kusmin/gestao_updev/backend/cmd/api/main.go:68.2,75.16 2 0
github.com/kusmin/gestao_updev/backend/cmd/api/main.go:75.16,77.3 1 0
github.com/kusmin/gestao_updev/backend/cmd/api/main.go:78.2,79.16 2 0
github.com/kusmin/gestao_updev/backend/cmd/api/main.go:79.16,81.3 1 0
github.com/kusmin/gestao_updev/backend/cmd/api/main.go:82.2,86.37 3 0
github.com/kusmin/gestao_updev/backend/cmd/api/main.go:86.37,88.3 1 0
github.com/kusmin/gestao_updev/backend/cmd/api/main.go:91.56,92.15 1 0
github.com/kusmin/gestao_updev/backend/cmd/api/main.go:93.15,94.25 1 0
github.com/kusmin/gestao_updev/backend/cmd/api/main.go:95.14,96.25 1 0
github.com/kusmin/gestao_updev/backend/cmd/api/main.go:97.15,98.26 1 0
github.com/kusmin/gestao_updev/backend/cmd/api/main.go:99.10,100.27 1 0
github.com/kusmin/gestao_updev/backend/cmd/migrate/main.go:25.13,27.16 2 0
github.com/kusmin/gestao_updev/backend/cmd/migrate/main.go:27.16,29.3 1 0
github.com/kusmin/gestao_updev/backend/cmd/migrate/main.go:31.2,38.16 2 0
github.com/kusmin/gestao_updev/backend/cmd/migrate/main.go:38.16,40.3 1 0
github.com/kusmin/gestao_updev/backend/cmd/migrate/main.go:41.2,42.16 2 0
github.com/kusmin/gestao_updev/backend/cmd/migrate/main.go:42.16,44.3 1 0
github.com/kusmin/gestao_updev/backend/cmd/migrate/main.go:45.2,48.49 3 0
github.com/kusmin/gestao_updev/backend/cmd/migrate/main.go:48.49,50.3 1 0
github.com/kusmin/gestao_updev/backend/cmd/migrate/main.go:52.2,52.49 1 0
github.com/kusmin/gestao_updev/backend/cmd/migrate/main.go:55.62,61.21 1 0
github.com/kusmin/gestao_updev/backend/cmd/migrate/main.go:61.21,63.3 1 0
github.com/kusmin/gestao_updev/backend/cmd/migrate/main.go:65.2,66.16 2 0
github.com/kusmin/gestao_updev/backend/cmd/migrate/main.go:66.16,68.3 1 0
github.com/kusmin/gestao_updev/backend/cmd/migrate/main.go:70.2,71.29 2 0
github.com/kusmin/gestao_updev/backend/cmd/migrate/main.go:71.29,72.65 1 0
github.com/kusmin/gestao_updev/backend/cmd/migrate/main.go:72.65,73.12 1 0
github.com/kusmin/gestao_updev/backend/cmd/migrate/main.go:75.3,80.5 2 0
github.com/kusmin/gestao_updev/backend/cmd/migrate/main.go:83.2,83.45 1 0
github.com/kusmin/gestao_updev/backend/cmd/migrate/main.go:83.45,85.3 1 0
github.com/kusmin/gestao_updev/backend/cmd/migrate/main.go:87.2,87.31 1 0
github.com/kusmin/gestao_updev/backend/cmd/migrate/main.go:87.31,89.17 2 0
github.com/kusmin/gestao_updev/backend/cmd/migrate/main.go:89.17,91.4 1 0
github.com/kusmin/gestao_updev/backend/cmd/migrate/main.go:92.3,92.14 1 0
github.com/kusmin/gestao_updev/backend/cmd/migrate/main.go:92.14,93.12 1 0
github.com/kusmin/gestao_updev/backend/cmd/migrate/main.go:96.3,98.17 3 0
github.com/kusmin/gestao_updev/backend/cmd/migrate/main.go:98.17,100.4 1 0
github.com/kusmin/gestao_updev/backend/cmd/migrate/main.go:102.3,102.74 1 0
github.com/kusmin/gestao_updev/backend/cmd/migrate/main.go:102.74,104.4 1 0
github.com/kusmin/gestao_updev/backend/cmd/migrate/main.go:106.3,108.22 1 0
github.com/kusmin/gestao_updev/backend/cmd/migrate/main.go:108.22,110.4 1 0
github.com/kusmin/gestao_updev/backend/cmd/migrate/main.go:111.3,111.46 1 0
github.com/kusmin/gestao_updev/backend/cmd/migrate/main.go:114.2,114.12 1 0
github.com/kusmin/gestao_updev/backend/cmd/migrate/main.go:117.89,121.34 2 0
github.com/kusmin/gestao_updev/backend/cmd/migrate/main.go:121.34,123.3 1 0
github.com/kusmin/gestao_updev/backend/cmd/migrate/main.go:124.2,124.23 1 0
github.com/kusmin/gestao_updev/backend/cmd/seed/main.go:22.13,24.16 2 0
github.com/kusmin/gestao_updev/backend/cmd/seed/main.go:24.16,26.3 1 0
github.com/kusmin/gestao_updev/backend/cmd/seed/main.go:28.2,34.16 2 0
github.com/kusmin/gestao_updev/backend/cmd/seed/main.go:34.16,36.3 1 0
github.com/kusmin/gestao_updev/backend/cmd/seed/main.go:37.2,38.16 2 0
github.com/kusmin/gestao_updev/backend/cmd/seed/main.go:38.16,40.3 1 0
github.com/kusmin/gestao_updev/backend/cmd/seed/main.go:41.2,43.58 2 0
github.com/kusmin/gestao_updev/backend/cmd/seed/main.go:43.58,45.3 1 0
github.com/kusmin/gestao_updev/backend/cmd/seed/main.go:47.2,47.44 1 0
github.com/kusmin/gestao_updev/backend/cmd/seed/main.go:50.54,53.16 3 0
github.com/kusmin/gestao_updev/backend/cmd/seed/main.go:53.16,54.36 1 0
github.com/kusmin/gestao_updev/backend/cmd/seed/main.go:54.36,60.69 2 0
github.com/kusmin/gestao_updev/backend/cmd/seed/main.go:60.69,62.5 1 0
github.com/kusmin/gestao_updev/backend/cmd/seed/main.go:63.9,65.4 1 0
github.com/kusmin/gestao_updev/backend/cmd/seed/main.go:68.2,68.58 1 0
github.com/kusmin/gestao_updev/backend/cmd/seed/main.go:68.58,70.3 1 0
github.com/kusmin/gestao_updev/backend/cmd/seed/main.go:71.2,71.55 1 0
github.com/kusmin/gestao_updev/backend/cmd/seed/main.go:71.55,73.3 1 0
github.com/kusmin/gestao_updev/backend/cmd/seed/main.go:74.2,74.56 1 0
github.com/kusmin/gestao_updev/backend/cmd/seed/main.go:74.56,76.3 1 0
github.com/kusmin/gestao_updev/backend/cmd/seed/main.go:77.2,77.56 1 0
github.com/kusmin/gestao_updev/backend/cmd/seed/main.go:77.56,79.3 1 0
github.com/kusmin/gestao_updev/backend/cmd/seed/main.go:80.2,80.12 1 0
github.com/kusmin/gestao_updev/backend/cmd/seed/main.go:83.86,86.16 3 0
github.com/kusmin/gestao_updev/backend/cmd/seed/main.go:86.16,88.3 1 0
github.com/kusmin/gestao_updev/backend/cmd/seed/main.go:89.2,89.35 1 0
github.com/kusmin/gestao_updev/backend/cmd/seed/main.go:89.35,91.3 1 0
github.com/kusmin/gestao_updev/backend/cmd/seed/main.go:93.2,94.16 2 0
github.com/kusmin/gestao_updev/backend/cmd/seed/main.go:94.16,96.3 1 0
github.com/kusmin/gestao_updev/backend/cmd/seed/main.go:98.2,107.48 2 0
github.com/kusmin/gestao_updev/backend/cmd/seed/main.go:110.83,123.2 2 0
github.com/kusmin/gestao_updev/backend/cmd/seed/main.go:125.84,141.2 2 0
github.com/kusmin/gestao_updev/backend/cmd/seed/main.go:143.84,160.2 2 0
github.com/kusmin/gestao_updev/backend/docs/docs.go:2016.13,2018.2 1 0
github.com/kusmin/gestao_updev/backend/internal/auth/jwt.go:33.105,40.2 1 0
github.com/kusmin/gestao_updev/backend/internal/auth/jwt.go:43.88,45.16 2 0
github.com/kusmin/gestao_updev/backend/internal/auth/jwt.go:45.16,47.3 1 0
github.com/kusmin/gestao_updev/backend/internal/auth/jwt.go:48.2,49.16 2 0
github.com/kusmin/gestao_updev/backend/internal/auth/jwt.go:49.16,51.3 1 0
github.com/kusmin/gestao_updev/backend/internal/auth/jwt.go:53.2,57.8 1 0
github.com/kusmin/gestao_updev/backend/internal/auth/jwt.go:61.89,63.2 1 0
github.com/kusmin/gestao_updev/backend/internal/auth/jwt.go:66.90,68.2 1 0
github.com/kusmin/gestao_updev/backend/internal/auth/jwt.go:70.117,83.2 4 0
github.com/kusmin/gestao_updev/backend/internal/auth/jwt.go:86.73,88.2 1 0
github.com/kusmin/gestao_updev/backend/internal/auth/jwt.go:91.74,93.2 1 0
github.com/kusmin/gestao_updev/backend/internal/auth/jwt.go:95.80,96.95 1 0
github.com/kusmin/gestao_updev/backend/internal/auth/jwt.go:96.95,98.3 1 0
github.com/kusmin/gestao_updev/backend/internal/auth/jwt.go:99.2,99.16 1 0
github.com/kusmin/gestao_updev/backend/internal/auth/jwt.go:99.16,101.3 1 0
github.com/kusmin/gestao_updev/backend/internal/auth/jwt.go:102.2,102.63 1 0
github.com/kusmin/gestao_updev/backend/internal/auth/jwt.go:102.63,104.3 1 0
github.com/kusmin/gestao_updev/backend/internal/auth/jwt.go:105.2,105.39 1 0
github.com/kusmin/gestao_updev/backend/cmd/api/main.go:36.13,38.16 2 0
github.com/kusmin/gestao_updev/backend/cmd/api/main.go:38.16,40.3 1 0
github.com/kusmin/gestao_updev/backend/cmd/api/main.go:42.2,43.16 2 0
github.com/kusmin/gestao_updev/backend/cmd/api/main.go:43.16,45.3 1 0
github.com/kusmin/gestao_updev/backend/cmd/api/main.go:46.2,59.16 5 0
github.com/kusmin/gestao_updev/backend/cmd/api/main.go:59.16,61.3 1 0
github.com/kusmin/gestao_updev/backend/cmd/api/main.go:62.2,62.15 1 0
github.com/kusmin/gestao_updev/backend/cmd/api/main.go:62.15,63.60 1 0
github.com/kusmin/gestao_updev/backend/cmd/api/main.go:63.60,65.4 1 0
github.com/kusmin/gestao_updev/backend/cmd/api/main.go:68.2,75.16 2 0
github.com/kusmin/gestao_updev/backend/cmd/api/main.go:75.16,77.3 1 0
github.com/kusmin/gestao_updev/backend/cmd/api/main.go:78.2,79.16 2 0
github.com/kusmin/gestao_updev/backend/cmd/api/main.go:79.16,81.3 1 0
github.com/kusmin/gestao_updev/backend/cmd/api/main.go:82.2,86.37 3 0
github.com/kusmin/gestao_updev/backend/cmd/api/main.go:86.37,88.3 1 0
github.com/kusmin/gestao_updev/backend/cmd/api/main.go:91.56,92.15 1 0
github.com/kusmin/gestao_updev/backend/cmd/api/main.go:93.15,94.25 1 0
github.com/kusmin/gestao_updev/backend/cmd/api/main.go:95.14,96.25 1 0
github.com/kusmin/gestao_updev/backend/cmd/api/main.go:97.15,98.26 1 0
github.com/kusmin/gestao_updev/backend/cmd/api/main.go:99.10,100.27 1 0
github.com/kusmin/gestao_updev/backend/cmd/migrate/main.go:25.13,27.16 2 0
github.com/kusmin/gestao_updev/backend/cmd/migrate/main.go:27.16,29.3 1 0
github.com/kusmin/gestao_updev/backend/cmd/migrate/main.go:31.2,38.16 2 0
github.com/kusmin/gestao_updev/backend/cmd/migrate/main.go:38.16,40.3 1 0
github.com/kusmin/gestao_updev/backend/cmd/migrate/main.go:41.2,42.16 2 0
github.com/kusmin/gestao_updev/backend/cmd/migrate/main.go:42.16,44.3 1 0
github.com/kusmin/gestao_updev/backend/cmd/migrate/main.go:45.2,48.49 3 0
github.com/kusmin/gestao_updev/backend/cmd/migrate/main.go:48.49,50.3 1 0
github.com/kusmin/gestao_updev/backend/cmd/migrate/main.go:52.2,52.49 1 0
github.com/kusmin/gestao_updev/backend/cmd/migrate/main.go:55.62,61.21 1 0
github.com/kusmin/gestao_updev/backend/cmd/migrate/main.go:61.21,63.3 1 0
github.com/kusmin/gestao_updev/backend/cmd/migrate/main.go:65.2,66.16 2 0
github.com/kusmin/gestao_updev/backend/cmd/migrate/main.go:66.16,68.3 1 0
github.com/kusmin/gestao_updev/backend/cmd/migrate/main.go:70.2,71.29 2 0
github.com/kusmin/gestao_updev/backend/cmd/migrate/main.go:71.29,72.65 1 0
github.com/kusmin/gestao_updev/backend/cmd/migrate/main.go:72.65,73.12 1 0
github.com/kusmin/gestao_updev/backend/cmd/migrate/main.go:75.3,80.5 2 0
github.com/kusmin/gestao_updev/backend/cmd/migrate/main.go:83.2,83.45 1 0
github.com/kusmin/gestao_updev/backend/cmd/migrate/main.go:83.45,85.3 1 0
github.com/kusmin/gestao_updev/backend/cmd/migrate/main.go:87.2,87.31 1 0
github.com/kusmin/gestao_updev/backend/cmd/migrate/main.go:87.31,89.17 2 0
github.com/kusmin/gestao_updev/backend/cmd/migrate/main.go:89.17,91.4 1 0
github.com/kusmin/gestao_updev/backend/cmd/migrate/main.go:92.3,92.14 1 0
github.com/kusmin/gestao_updev/backend/cmd/migrate/main.go:92.14,93.12 1 0
github.com/kusmin/gestao_updev/backend/cmd/migrate/main.go:96.3,98.17 3 0
github.com/kusmin/gestao_updev/backend/cmd/migrate/main.go:98.17,100.4 1 0
github.com/kusmin/gestao_updev/backend/cmd/migrate/main.go:102.3,102.74 1 0
github.com/kusmin/gestao_updev/backend/cmd/migrate/main.go:102.74,104.4 1 0
github.com/kusmin/gestao_updev/backend/cmd/migrate/main.go:106.3,108.22 1 0
github.com/kusmin/gestao_updev/backend/cmd/migrate/main.go:108.22,110.4 1 0
github.com/kusmin/gestao_updev/backend/cmd/migrate/main.go:111.3,111.46 1 0
github.com/kusmin/gestao_updev/backend/cmd/migrate/main.go:114.2,114.12 1 0
github.com/kusmin/gestao_updev/backend/cmd/migrate/main.go:117.89,121.34 2 0
github.com/kusmin/gestao_updev/backend/cmd/migrate/main.go:121.34,123.3 1 0
github.com/kusmin/gestao_updev/backend/cmd/migrate/main.go:124.2,124.23 1 0
github.com/kusmin/gestao_updev/backend/cmd/seed/main.go:22.13,24.16 2 0
github.com/kusmin/gestao_updev/backend/cmd/seed/main.go:24.16,26.3 1 0
github.com/kusmin/gestao_updev/backend/cmd/seed/main.go:28.2,34.16 2 0
github.com/kusmin/gestao_updev/backend/cmd/seed/main.go:34.16,36.3 1 0
github.com/kusmin/gestao_updev/backend/cmd/seed/main.go:37.2,38.16 2 0
github.com/kusmin/gestao_updev/backend/cmd/seed/main.go:38.16,40.3 1 0
github.com/kusmin/gestao_updev/backend/cmd/seed/main.go:41.2,43.58 2 0
github.com/kusmin/gestao_updev/backend/cmd/seed/main.go:43.58,45.3 1 0
github.com/kusmin/gestao_updev/backend/cmd/seed/main.go:47.2,47.44 1 0
github.com/kusmin/gestao_updev/backend/cmd/seed/main.go:50.54,53.16 3 0
github.com/kusmin/gestao_updev/backend/cmd/seed/main.go:53.16,54.36 1 0
github.com/kusmin/gestao_updev/backend/cmd/seed/main.go:54.36,60.69 2 0
github.com/kusmin/gestao_updev/backend/cmd/seed/main.go:60.69,62.5 1 0
github.com/kusmin/gestao_updev/backend/cmd/seed/main.go:63.9,65.4 1 0
github.com/kusmin/gestao_updev/backend/cmd/seed/main.go:68.2,68.58 1 0
github.com/kusmin/gestao_updev/backend/cmd/seed/main.go:68.58,70.3 1 0
github.com/kusmin/gestao_updev/backend/cmd/seed/main.go:71.2,71.55 1 0
github.com/kusmin/gestao_updev/backend/cmd/seed/main.go:71.55,73.3 1 0
github.com/kusmin/gestao_updev/backend/cmd/seed/main.go:74.2,74.56 1 0
github.com/kusmin/gestao_updev/backend/cmd/seed/main.go:74.56,76.3 1 0
github.com/kusmin/gestao_updev/backend/cmd/seed/main.go:77.2,77.56 1 0
github.com/kusmin/gestao_updev/backend/cmd/seed/main.go:77.56,79.3 1 0
github.com/kusmin/gestao_updev/backend/cmd/seed/main.go:80.2,80.12 1 0
github.com/kusmin/gestao_updev/backend/cmd/seed/main.go:83.86,86.16 3 0
github.com/kusmin/gestao_updev/backend/cmd/seed/main.go:86.16,88.3 1 0
github.com/kusmin/gestao_updev/backend/cmd/seed/main.go:89.2,89.35 1 0
github.com/kusmin/gestao_updev/backend/cmd/seed/main.go:89.35,91.3 1 0
github.com/kusmin/gestao_updev/backend/cmd/seed/main.go:93.2,94.16 2 0
github.com/kusmin/gestao_updev/backend/cmd/seed/main.go:94.16,96.3 1 0
github.com/kusmin/gestao_updev/backend/cmd/seed/main.go:98.2,107.48 2 0
github.com/kusmin/gestao_updev/backend/cmd/seed/main.go:110.83,123.2 2 0
github.com/kusmin/gestao_updev/backend/cmd/seed/main.go:125.84,141.2 2 0
github.com/kusmin/gestao_updev/backend/cmd/seed/main.go:143.84,160.2 2 0
github.com/kusmin/gestao_updev/backend/docs/docs.go:2016.13,2018.2 1 0
github.com/kusmin/gestao_updev/backend/internal/auth/jwt.go:33.105,40.2 1 0
github.com/kusmin/gestao_updev/backend/internal/auth/jwt.go:43.88,45.16 2 0
github.com/kusmin/gestao_updev/backend/internal/auth/jwt.go:45.16,47.3 1 0
github.com/kusmin/gestao_updev/backend/internal/auth/jwt.go:48.2,49.16 2 0
github.com/kusmin/gestao_updev/backend/internal/auth/jwt.go:49.16,51.3 1 0
github.com/kusmin/gestao_updev/backend/internal/auth/jwt.go:53.2,57.8 1 0
github.com/kusmin/gestao_updev/backend/internal/auth/jwt.go:61.89,63.2 1 0
github.com/kusmin/gestao_updev/backend/internal/auth/jwt.go:66.90,68.2 1 0
github.com/kusmin/gestao_updev/backend/internal/auth/jwt.go:70.117,83.2 4 0
github.com/kusmin/gestao_updev/backend/internal/auth/jwt.go:86.73,88.2 1 0
github.com/kusmin/gestao_updev/backend/internal/auth/jwt.go:91.74,93.2 1 0
github.com/kusmin/gestao_updev/backend/internal/auth/jwt.go:95.80,96.95 1 0
github.com/kusmin/gestao_updev/backend/internal/auth/jwt.go:96.95,98.3 1 0
github.com/kusmin/gestao_updev/backend/internal/auth/jwt.go:99.2,99.16 1 0
github.com/kusmin/gestao_updev/backend/internal/auth/jwt.go:99.16,101.3 1 0
github.com/kusmin/gestao_updev/backend/internal/auth/jwt.go:102.2,102.63 1 0
github.com/kusmin/gestao_updev/backend/internal/auth/jwt.go:102.63,104.3 1 0
github.com/kusmin/gestao_updev/backend/internal/auth/jwt.go:105.2,105.39 1 0
github.com/kusmin/gestao_updev/backend/internal/config/config.go:42.30,44.39 2 6
github.com/kusmin/gestao_updev/backend/internal/config/config.go:44.39,46.3 1 0
github.com/kusmin/gestao_updev/backend/internal/config/config.go:47.2,47.52 1 6
github.com/kusmin/gestao_updev/backend/internal/config/config.go:47.52,49.3 1 4
github.com/kusmin/gestao_updev/backend/internal/config/config.go:50.2,50.17 1 2
github.com/kusmin/gestao_updev/backend/internal/config/config.go:54.35,56.2 1 1
github.com/kusmin/gestao_updev/backend/internal/config/config.go:58.48,61.9 2 6
github.com/kusmin/gestao_updev/backend/internal/config/config.go:62.27,63.13 1 2
github.com/kusmin/gestao_updev/backend/internal/config/config.go:63.13,65.4 1 1
github.com/kusmin/gestao_updev/backend/internal/config/config.go:66.3,66.37 1 1
github.com/kusmin/gestao_updev/backend/internal/config/config.go:67.53,68.87 1 1
github.com/kusmin/gestao_updev/backend/internal/config/config.go:71.2,71.9 1 4
github.com/kusmin/gestao_updev/backend/internal/config/config.go:72.31,73.13 1 1
github.com/kusmin/gestao_updev/backend/internal/config/config.go:73.13,75.4 1 0
github.com/kusmin/gestao_updev/backend/internal/config/config.go:76.3,76.45 1 1
github.com/kusmin/gestao_updev/backend/internal/config/config.go:77.61,78.92 1 1
github.com/kusmin/gestao_updev/backend/internal/config/config.go:81.2,81.9 1 3
github.com/kusmin/gestao_updev/backend/internal/config/config.go:82.32,83.13 1 2
github.com/kusmin/gestao_updev/backend/internal/config/config.go:83.13,85.4 1 1
github.com/kusmin/gestao_updev/backend/internal/config/config.go:86.3,86.47 1 1
github.com/kusmin/gestao_updev/backend/internal/config/config.go:87.63,88.93 1 0
github.com/kusmin/gestao_updev/backend/internal/config/config.go:91.2,91.12 1 2
github.com/kusmin/gestao_updev/backend/internal/http/contextutil/context.go:13.50,15.13 2 0
github.com/kusmin/gestao_updev/backend/internal/http/contextutil/context.go:15.13,17.3 1 0
github.com/kusmin/gestao_updev/backend/internal/http/contextutil/context.go:18.2,19.9 2 0
github.com/kusmin/gestao_updev/backend/internal/http/contextutil/context.go:19.9,21.3 1 0
github.com/kusmin/gestao_updev/backend/internal/http/contextutil/context.go:22.2,22.30 1 0
github.com/kusmin/gestao_updev/backend/internal/http/contextutil/context.go:26.48,28.13 2 0
github.com/kusmin/gestao_updev/backend/internal/http/contextutil/context.go:28.13,30.3 1 0
github.com/kusmin/gestao_updev/backend/internal/http/contextutil/context.go:31.2,32.9 2 0
github.com/kusmin/gestao_updev/backend/internal/http/contextutil/context.go:32.9,34.3 1 0
github.com/kusmin/gestao_updev/backend/internal/http/contextutil/context.go:35.2,35.28 1 0
github.com/kusmin/gestao_updev/backend/internal/http/handler/auth.go:45.40,47.47 2 0
github.com/kusmin/gestao_updev/backend/internal/http/handler/auth.go:47.47,50.3 2 0
github.com/kusmin/gestao_updev/backend/internal/http/handler/auth.go:52.2,61.16 2 0
github.com/kusmin/gestao_updev/backend/internal/http/handler/auth.go:61.16,64.3 2 0
github.com/kusmin/gestao_updev/backend/internal/http/handler/auth.go:66.2,72.9 1 0
github.com/kusmin/gestao_updev/backend/internal/http/handler/auth.go:85.39,87.47 2 0
github.com/kusmin/gestao_updev/backend/internal/http/handler/auth.go:87.47,90.3 2 0
github.com/kusmin/gestao_updev/backend/internal/http/handler/auth.go:92.2,93.16 2 0
github.com/kusmin/gestao_updev/backend/internal/http/handler/auth.go:93.16,96.3 2 0
github.com/kusmin/gestao_updev/backend/internal/http/handler/auth.go:98.2,98.49 1 0
github.com/kusmin/gestao_updev/backend/internal/http/handler/auth.go:111.46,113.47 2 0
github.com/kusmin/gestao_updev/backend/internal/http/handler/auth.go:113.47,116.3 2 0
github.com/kusmin/gestao_updev/backend/internal/http/handler/auth.go:118.2,119.16 2 0
github.com/kusmin/gestao_updev/backend/internal/http/handler/auth.go:119.16,122.3 2 0
github.com/kusmin/gestao_updev/backend/internal/http/handler/auth.go:124.2,124.49 1 0
github.com/kusmin/gestao_updev/backend/internal/http/handler/bookings.go:46.46,48.9 2 0
github.com/kusmin/gestao_updev/backend/internal/http/handler/bookings.go:48.9,50.3 1 0
github.com/kusmin/gestao_updev/backend/internal/http/handler/bookings.go:52.2,56.39 2 0
github.com/kusmin/gestao_updev/backend/internal/http/handler/bookings.go:56.39,57.58 1 0
github.com/kusmin/gestao_updev/backend/internal/http/handler/bookings.go:57.58,59.4 1 0
github.com/kusmin/gestao_updev/backend/internal/http/handler/bookings.go:61.2,61.50 1 0
github.com/kusmin/gestao_updev/backend/internal/http/handler/bookings.go:61.50,62.45 1 0
github.com/kusmin/gestao_updev/backend/internal/http/handler/bookings.go:62.45,64.4 1 0
github.com/kusmin/gestao_updev/backend/internal/http/handler/bookings.go:67.2,72.16 2 0
github.com/kusmin/gestao_updev/backend/internal/http/handler/bookings.go:72.16,75.3 2 0
github.com/kusmin/gestao_updev/backend/internal/http/handler/bookings.go:76.2,76.51 1 0
github.com/kusmin/gestao_updev/backend/internal/http/handler/bookings.go:89.47,91.9 2 0
github.com/kusmin/gestao_updev/backend/internal/http/handler/bookings.go:91.9,93.3 1 0
github.com/kusmin/gestao_updev/backend/internal/http/handler/bookings.go:95.2,96.47 2 0
github.com/kusmin/gestao_updev/backend/internal/http/handler/bookings.go:96.47,99.3 2 0
github.com/kusmin/gestao_updev/backend/internal/http/handler/bookings.go:101.2,110.16 2 0
github.com/kusmin/gestao_updev/backend/internal/http/handler/bookings.go:110.16,113.3 2 0
github.com/kusmin/gestao_updev/backend/internal/http/handler/bookings.go:114.2,114.55 1 0
github.com/kusmin/gestao_updev/backend/internal/http/handler/bookings.go:128.47,130.9 2 0
github.com/kusmin/gestao_updev/backend/internal/http/handler/bookings.go:130.9,132.3 1 0
github.com/kusmin/gestao_updev/backend/internal/http/handler/bookings.go:134.2,135.16 2 0
github.com/kusmin/gestao_updev/backend/internal/http/handler/bookings.go:135.16,138.3 2 0
github.com/kusmin/gestao_updev/backend/internal/http/handler/bookings.go:140.2,141.47 2 0
github.com/kusmin/gestao_updev/backend/internal/http/handler/bookings.go:141.47,144.3 2 0
github.com/kusmin/gestao_updev/backend/internal/http/handler/bookings.go:146.2,152.16 2 0
github.com/kusmin/gestao_updev/backend/internal/http/handler/bookings.go:152.16,155.3 2 0
github.com/kusmin/gestao_updev/backend/internal/http/handler/bookings.go:156.2,156.50 1 0
github.com/kusmin/gestao_updev/backend/internal/http/handler/bookings.go:170.47,172.9 2 0
github.com/kusmin/gestao_updev/backend/internal/http/handler/bookings.go:172.9,174.3 1 0
github.com/kusmin/gestao_updev/backend/internal/http/handler/bookings.go:176.2,177.16 2 0
github.com/kusmin/gestao_updev/backend/internal/http/handler/bookings.go:177.16,180.3 2 0
github.com/kusmin/gestao_updev/backend/internal/http/handler/bookings.go:182.2,183.47 2 0
github.com/kusmin/gestao_updev/backend/internal/http/handler/bookings.go:183.47,186.3 2 0
github.com/kusmin/gestao_updev/backend/internal/http/handler/bookings.go:188.2,189.16 2 0
github.com/kusmin/gestao_updev/backend/internal/http/handler/bookings.go:189.16,192.3 2 0
github.com/kusmin/gestao_updev/backend/internal/http/handler/bookings.go:193.2,193.50 1 0
github.com/kusmin/gestao_updev/backend/internal/http/handler/catalog.go:42.46,44.9 2 0
github.com/kusmin/gestao_updev/backend/internal/http/handler/catalog.go:44.9,46.3 1 0
github.com/kusmin/gestao_updev/backend/internal/http/handler/catalog.go:48.2,49.16 2 0
github.com/kusmin/gestao_updev/backend/internal/http/handler/catalog.go:49.16,52.3 2 0
github.com/kusmin/gestao_updev/backend/internal/http/handler/catalog.go:53.2,53.55 1 0
github.com/kusmin/gestao_updev/backend/internal/http/handler/catalog.go:66.47,68.9 2 0
github.com/kusmin/gestao_updev/backend/internal/http/handler/catalog.go:68.9,70.3 1 0
github.com/kusmin/gestao_updev/backend/internal/http/handler/catalog.go:72.2,73.47 2 0
github.com/kusmin/gestao_updev/backend/internal/http/handler/catalog.go:73.47,76.3 2 0
github.com/kusmin/gestao_updev/backend/internal/http/handler/catalog.go:78.2,87.16 2 0
github.com/kusmin/gestao_updev/backend/internal/http/handler/catalog.go:87.16,90.3 2 0
github.com/kusmin/gestao_updev/backend/internal/http/handler/catalog.go:92.2,92.58 1 0
github.com/kusmin/gestao_updev/backend/internal/http/handler/catalog.go:106.47,108.9 2 0
github.com/kusmin/gestao_updev/backend/internal/http/handler/catalog.go:108.9,110.3 1 0
github.com/kusmin/gestao_updev/backend/internal/http/handler/catalog.go:112.2,113.16 2 0
github.com/kusmin/gestao_updev/backend/internal/http/handler/catalog.go:113.16,116.3 2 0
github.com/kusmin/gestao_updev/backend/internal/http/handler/catalog.go:118.2,119.47 2 0
github.com/kusmin/gestao_updev/backend/internal/http/handler/catalog.go:119.47,122.3 2 0
github.com/kusmin/gestao_updev/backend/internal/http/handler/catalog.go:124.2,133.16 2 0
github.com/kusmin/gestao_updev/backend/internal/http/handler/catalog.go:133.16,136.3 2 0
github.com/kusmin/gestao_updev/backend/internal/http/handler/catalog.go:138.2,138.53 1 0
github.com/kusmin/gestao_updev/backend/internal/http/handler/catalog.go:149.47,151.9 2 0
github.com/kusmin/gestao_updev/backend/internal/http/handler/catalog.go:151.9,153.3 1 0
github.com/kusmin/gestao_updev/backend/internal/http/handler/catalog.go:155.2,156.16 2 0
github.com/kusmin/gestao_updev/backend/internal/http/handler/catalog.go:156.16,159.3 2 0
github.com/kusmin/gestao_updev/backend/internal/http/handler/catalog.go:161.2,161.88 1 0
github.com/kusmin/gestao_updev/backend/internal/http/handler/catalog.go:161.88,164.3 2 0
github.com/kusmin/gestao_updev/backend/internal/http/handler/catalog.go:165.2,165.32 1 0
github.com/kusmin/gestao_updev/backend/internal/http/handler/catalog.go:177.44,179.9 2 0
github.com/kusmin/gestao_updev/backend/internal/http/handler/catalog.go:179.9,181.3 1 0
github.com/kusmin/gestao_updev/backend/internal/http/handler/catalog.go:183.2,184.16 2 0
github.com/kusmin/gestao_updev/backend/internal/http/handler/catalog.go:184.16,187.3 2 0
github.com/kusmin/gestao_updev/backend/internal/http/handler/catalog.go:189.2,190.16 2 0
github.com/kusmin/gestao_updev/backend/internal/http/handler/catalog.go:190.16,193.3 2 0
github.com/kusmin/gestao_updev/backend/internal/http/handler/catalog.go:195.2,195.50 1 0
github.com/kusmin/gestao_updev/backend/internal/http/handler/catalog.go:206.46,208.9 2 0
github.com/kusmin/gestao_updev/backend/internal/http/handler/catalog.go:208.9,210.3 1 0
github.com/kusmin/gestao_updev/backend/internal/http/handler/catalog.go:212.2,213.16 2 0
github.com/kusmin/gestao_updev/backend/internal/http/handler/catalog.go:213.16,216.3 2 0
github.com/kusmin/gestao_updev/backend/internal/http/handler/catalog.go:217.2,217.51 1 0
github.com/kusmin/gestao_updev/backend/internal/http/handler/catalog.go:230.47,232.9 2 0
github.com/kusmin/gestao_updev/backend/internal/http/handler/catalog.go:232.9,234.3 1 0
github.com/kusmin/gestao_updev/backend/internal/http/handler/catalog.go:236.2,237.47 2 0
github.com/kusmin/gestao_updev/backend/internal/http/handler/catalog.go:237.47,240.3 2 0
github.com/kusmin/gestao_updev/backend/internal/http/handler/catalog.go:242.2,252.16 2 0
github.com/kusmin/gestao_updev/backend/internal/http/handler/catalog.go:252.16,255.3 2 0
github.com/kusmin/gestao_updev/backend/internal/http/handler/catalog.go:257.2,257.55 1 0
github.com/kusmin/gestao_updev/backend/internal/http/handler/catalog.go:271.47,273.9 2 0
github.com/kusmin/gestao_updev/backend/internal/http/handler/catalog.go:273.9,275.3 1 0
github.com/kusmin/gestao_updev/backend/internal/http/handler/catalog.go:277.2,278.16 2 0
github.com/kusmin/gestao_updev/backend/internal/http/handler/catalog.go:278.16,281.3 2 0
github.com/kusmin/gestao_updev/backend/internal/http/handler/catalog.go:283.2,284.47 2 0
github.com/kusmin/gestao_updev/backend/internal/http/handler/catalog.go:284.47,287.3 2 0
github.com/kusmin/gestao_updev/backend/internal/http/handler/catalog.go:289.2,299.16 2 0
github.com/kusmin/gestao_updev/backend/internal/http/handler/catalog.go:299.16,302.3 2 0
github.com/kusmin/gestao_updev/backend/internal/http/handler/catalog.go:303.2,303.50 1 0
github.com/kusmin/gestao_updev/backend/internal/http/handler/catalog.go:314.47,316.9 2 0
github.com/kusmin/gestao_updev/backend/internal/http/handler/catalog.go:316.9,318.3 1 0
github.com/kusmin/gestao_updev/backend/internal/http/handler/catalog.go:320.2,321.16 2 0
github.com/kusmin/gestao_updev/backend/internal/http/handler/catalog.go:321.16,324.3 2 0
github.com/kusmin/gestao_updev/backend/internal/http/handler/catalog.go:326.2,326.88 1 0
github.com/kusmin/gestao_updev/backend/internal/http/handler/catalog.go:326.88,329.3 2 0
github.com/kusmin/gestao_updev/backend/internal/http/handler/catalog.go:330.2,330.32 1 0
github.com/kusmin/gestao_updev/backend/internal/http/handler/catalog.go:342.44,344.9 2 0
github.com/kusmin/gestao_updev/backend/internal/http/handler/catalog.go:344.9,346.3 1 0
github.com/kusmin/gestao_updev/backend/internal/http/handler/catalog.go:348.2,349.16 2 0
github.com/kusmin/gestao_updev/backend/internal/http/handler/catalog.go:349.16,352.3 2 0
github.com/kusmin/gestao_updev/backend/internal/http/handler/catalog.go:354.2,355.16 2 0
github.com/kusmin/gestao_updev/backend/internal/http/handler/catalog.go:355.16,358.3 2 0
github.com/kusmin/gestao_updev/backend/internal/http/handler/catalog.go:360.2,360.50 1 0
github.com/kusmin/gestao_updev/backend/internal/http/handler/clients.go:36.45,38.9 2 0
github.com/kusmin/gestao_updev/backend/internal/http/handler/clients.go:38.9,40.3 1 0
github.com/kusmin/gestao_updev/backend/internal/http/handler/clients.go:42.2,46.39 5 0
github.com/kusmin/gestao_updev/backend/internal/http/handler/clients.go:46.39,47.47 1 0
github.com/kusmin/gestao_updev/backend/internal/http/handler/clients.go:47.47,49.17 2 0
github.com/kusmin/gestao_updev/backend/internal/http/handler/clients.go:49.17,51.5 1 0
github.com/kusmin/gestao_updev/backend/internal/http/handler/clients.go:55.2,61.16 2 0
github.com/kusmin/gestao_updev/backend/internal/http/handler/clients.go:61.16,64.3 2 0
github.com/kusmin/gestao_updev/backend/internal/http/handler/clients.go:66.2,66.83 1 0
github.com/kusmin/gestao_updev/backend/internal/http/handler/clients.go:80.46,82.9 2 0
github.com/kusmin/gestao_updev/backend/internal/http/handler/clients.go:82.9,84.3 1 0
github.com/kusmin/gestao_updev/backend/internal/http/handler/clients.go:86.2,87.47 2 0
github.com/kusmin/gestao_updev/backend/internal/http/handler/clients.go:87.47,90.3 2 0
github.com/kusmin/gestao_updev/backend/internal/http/handler/clients.go:92.2,100.16 2 0
github.com/kusmin/gestao_updev/backend/internal/http/handler/clients.go:100.16,103.3 2 0
github.com/kusmin/gestao_updev/backend/internal/http/handler/clients.go:105.2,105.54 1 0
github.com/kusmin/gestao_updev/backend/internal/http/handler/clients.go:117.43,119.9 2 0
github.com/kusmin/gestao_updev/backend/internal/http/handler/clients.go:119.9,121.3 1 0
github.com/kusmin/gestao_updev/backend/internal/http/handler/clients.go:122.2,123.16 2 0
github.com/kusmin/gestao_updev/backend/internal/http/handler/clients.go:123.16,126.3 2 0
github.com/kusmin/gestao_updev/backend/internal/http/handler/clients.go:128.2,129.16 2 0
github.com/kusmin/gestao_updev/backend/internal/http/handler/clients.go:129.16,132.3 2 0
github.com/kusmin/gestao_updev/backend/internal/http/handler/clients.go:134.2,135.18 2 0
github.com/kusmin/gestao_updev/backend/internal/http/handler/clients.go:135.18,137.3 1 0
github.com/kusmin/gestao_updev/backend/internal/http/handler/clients.go:138.2,138.47 1 0
github.com/kusmin/gestao_updev/backend/internal/http/handler/clients.go:152.46,154.9 2 0
github.com/kusmin/gestao_updev/backend/internal/http/handler/clients.go:154.9,156.3 1 0
github.com/kusmin/gestao_updev/backend/internal/http/handler/clients.go:157.2,158.16 2 0
github.com/kusmin/gestao_updev/backend/internal/http/handler/clients.go:158.16,161.3 2 0
github.com/kusmin/gestao_updev/backend/internal/http/handler/clients.go:163.2,164.47 2 0
github.com/kusmin/gestao_updev/backend/internal/http/handler/clients.go:164.47,167.3 2 0
github.com/kusmin/gestao_updev/backend/internal/http/handler/clients.go:169.2,177.16 2 0
github.com/kusmin/gestao_updev/backend/internal/http/handler/clients.go:177.16,180.3 2 0
github.com/kusmin/gestao_updev/backend/internal/http/handler/clients.go:182.2,182.49 1 0
github.com/kusmin/gestao_updev/backend/internal/http/handler/clients.go:193.46,195.9 2 0
github.com/kusmin/gestao_updev/backend/internal/http/handler/clients.go:195.9,197.3 1 0
github.com/kusmin/gestao_updev/backend/internal/http/handler/clients.go:198.2,199.16 2 0
github.com/kusmin/gestao_updev/backend/internal/http/handler/clients.go:199.16,202.3 2 0
github.com/kusmin/gestao_updev/backend/internal/http/handler/clients.go:204.2,204.86 1 0
github.com/kusmin/gestao_updev/backend/internal/http/handler/clients.go:204.86,207.3 2 0
github.com/kusmin/gestao_updev/backend/internal/http/handler/clients.go:208.2,208.32 1 0
github.com/kusmin/gestao_updev/backend/internal/http/handler/company.go:29.44,31.9 2 0
github.com/kusmin/gestao_updev/backend/internal/http/handler/company.go:31.9,33.3 1 0
github.com/kusmin/gestao_updev/backend/internal/http/handler/company.go:35.2,36.16 2 0
github.com/kusmin/gestao_updev/backend/internal/http/handler/company.go:36.16,39.3 2 0
github.com/kusmin/gestao_updev/backend/internal/http/handler/company.go:40.2,40.50 1 0
github.com/kusmin/gestao_updev/backend/internal/http/handler/company.go:54.47,56.9 2 0
github.com/kusmin/gestao_updev/backend/internal/http/handler/company.go:56.9,58.3 1 0
github.com/kusmin/gestao_updev/backend/internal/http/handler/company.go:60.2,61.47 2 0
github.com/kusmin/gestao_updev/backend/internal/http/handler/company.go:61.47,64.3 2 0
github.com/kusmin/gestao_updev/backend/internal/http/handler/company.go:66.2,73.16 2 0
github.com/kusmin/gestao_updev/backend/internal/http/handler/company.go:73.16,76.3 2 0
github.com/kusmin/gestao_updev/backend/internal/http/handler/company.go:77.2,77.50 1 0
github.com/kusmin/gestao_updev/backend/internal/http/handler/dashboard.go:23.48,25.9 2 0
github.com/kusmin/gestao_updev/backend/internal/http/handler/dashboard.go:25.9,27.3 1 0
github.com/kusmin/gestao_updev/backend/internal/http/handler/dashboard.go:29.2,30.39 2 0
github.com/kusmin/gestao_updev/backend/internal/http/handler/dashboard.go:30.39,31.58 1 0
github.com/kusmin/gestao_updev/backend/internal/http/handler/dashboard.go:31.58,33.4 1 0
github.com/kusmin/gestao_updev/backend/internal/http/handler/dashboard.go:36.2,37.50 2 0
github.com/kusmin/gestao_updev/backend/internal/http/handler/dashboard.go:37.50,38.45 1 0
github.com/kusmin/gestao_updev/backend/internal/http/handler/dashboard.go:38.45,40.4 1 0
github.com/kusmin/gestao_updev/backend/internal/http/handler/dashboard.go:43.2,44.16 2 0
github.com/kusmin/gestao_updev/backend/internal/http/handler/dashboard.go:44.16,47.3 2 0
github.com/kusmin/gestao_updev/backend/internal/http/handler/dashboard.go:48.2,48.49 1 0
github.com/kusmin/gestao_updev/backend/internal/http/handler/handler.go:23.57,28.2 1 0
github.com/kusmin/gestao_updev/backend/internal/http/handler/handler.go:30.60,32.16 2 0
github.com/kusmin/gestao_updev/backend/internal/http/handler/handler.go:32.16,35.3 2 0
github.com/kusmin/gestao_updev/backend/internal/http/handler/handler.go:36.2,36.23 1 0
github.com/kusmin/gestao_updev/backend/internal/http/handler/handler.go:39.78,41.16 2 0
github.com/kusmin/gestao_updev/backend/internal/http/handler/handler.go:41.16,44.3 2 0
github.com/kusmin/gestao_updev/backend/internal/http/handler/handler.go:45.2,45.17 1 0
github.com/kusmin/gestao_updev/backend/internal/http/handler/handler.go:48.56,49.51 1 0
github.com/kusmin/gestao_updev/backend/internal/http/handler/handler.go:49.51,52.3 2 0
github.com/kusmin/gestao_updev/backend/internal/http/handler/handler.go:53.2,53.48 1 0
github.com/kusmin/gestao_updev/backend/internal/http/handler/handler.go:53.48,56.3 2 0
github.com/kusmin/gestao_updev/backend/internal/http/handler/handler.go:57.2,57.87 1 0
github.com/kusmin/gestao_updev/backend/internal/http/handler/handler.go:60.59,68.2 1 0
github.com/kusmin/gestao_updev/backend/internal/http/handler/inventory.go:34.56,36.9 2 0
github.com/kusmin/gestao_updev/backend/internal/http/handler/inventory.go:36.9,38.3 1 0
github.com/kusmin/gestao_updev/backend/internal/http/handler/inventory.go:40.2,46.45 2 0
github.com/kusmin/gestao_updev/backend/internal/http/handler/inventory.go:46.45,48.17 2 0
github.com/kusmin/gestao_updev/backend/internal/http/handler/inventory.go:48.17,50.4 1 0
github.com/kusmin/gestao_updev/backend/internal/http/handler/inventory.go:52.2,52.45 1 0
github.com/kusmin/gestao_updev/backend/internal/http/handler/inventory.go:52.45,53.58 1 0
github.com/kusmin/gestao_updev/backend/internal/http/handler/inventory.go:53.58,55.4 1 0
github.com/kusmin/gestao_updev/backend/internal/http/handler/inventory.go:57.2,57.43 1 0
github.com/kusmin/gestao_updev/backend/internal/http/handler/inventory.go:57.43,58.58 1 0
github.com/kusmin/gestao_updev/backend/internal/http/handler/inventory.go:58.58,60.4 1 0
github.com/kusmin/gestao_updev/backend/internal/http/handler/inventory.go:62.2,68.16 2 0
github.com/kusmin/gestao_updev/backend/internal/http/handler/inventory.go:68.16,71.3 2 0
github.com/kusmin/gestao_updev/backend/internal/http/handler/inventory.go:72.2,72.52 1 0
github.com/kusmin/gestao_updev/backend/internal/http/handler/inventory.go:85.57,87.9 2 0
github.com/kusmin/gestao_updev/backend/internal/http/handler/inventory.go:87.9,89.3 1 0
github.com/kusmin/gestao_updev/backend/internal/http/handler/inventory.go:91.2,92.47 2 0
github.com/kusmin/gestao_updev/backend/internal/http/handler/inventory.go:92.47,95.3 2 0
github.com/kusmin/gestao_updev/backend/internal/http/handler/inventory.go:97.2,104.16 2 0
github.com/kusmin/gestao_updev/backend/internal/http/handler/inventory.go:104.16,107.3 2 0
github.com/kusmin/gestao_updev/backend/internal/http/handler/inventory.go:108.2,108.56 1 0
github.com/kusmin/gestao_updev/backend/internal/http/handler/professionals.go:19.51,21.9 2 0
github.com/kusmin/gestao_updev/backend/internal/http/handler/professionals.go:21.9,23.3 1 0
github.com/kusmin/gestao_updev/backend/internal/http/handler/professionals.go:25.2,26.16 2 0
github.com/kusmin/gestao_updev/backend/internal/http/handler/professionals.go:26.16,29.3 2 0
github.com/kusmin/gestao_updev/backend/internal/http/handler/professionals.go:30.2,30.56 1 0
github.com/kusmin/gestao_updev/backend/internal/http/handler/sales.go:52.49,54.9 2 0
github.com/kusmin/gestao_updev/backend/internal/http/handler/sales.go:54.9,56.3 1 0
github.com/kusmin/gestao_updev/backend/internal/http/handler/sales.go:57.2,61.44 2 0
github.com/kusmin/gestao_updev/backend/internal/http/handler/sales.go:61.44,62.45 1 0
github.com/kusmin/gestao_updev/backend/internal/http/handler/sales.go:62.45,64.4 1 0
github.com/kusmin/gestao_updev/backend/internal/http/handler/sales.go:66.2,66.39 1 0
github.com/kusmin/gestao_updev/backend/internal/http/handler/sales.go:66.39,67.58 1 0
github.com/kusmin/gestao_updev/backend/internal/http/handler/sales.go:67.58,69.4 1 0
github.com/kusmin/gestao_updev/backend/internal/http/handler/sales.go:72.2,77.16 2 0
github.com/kusmin/gestao_updev/backend/internal/http/handler/sales.go:77.16,80.3 2 0
github.com/kusmin/gestao_updev/backend/internal/http/handler/sales.go:81.2,81.49 1 0
github.com/kusmin/gestao_updev/backend/internal/http/handler/sales.go:94.50,96.9 2 0
github.com/kusmin/gestao_updev/backend/internal/http/handler/sales.go:96.9,98.3 1 0
github.com/kusmin/gestao_updev/backend/internal/http/handler/sales.go:100.2,101.47 2 0
github.com/kusmin/gestao_updev/backend/internal/http/handler/sales.go:101.47,104.3 2 0
github.com/kusmin/gestao_updev/backend/internal/http/handler/sales.go:106.2,107.33 2 0
github.com/kusmin/gestao_updev/backend/internal/http/handler/sales.go:107.33,114.3 1 0
github.com/kusmin/gestao_updev/backend/internal/http/handler/sales.go:116.2,123.16 2 0
github.com/kusmin/gestao_updev/backend/internal/http/handler/sales.go:123.16,126.3 2 0
github.com/kusmin/gestao_updev/backend/internal/http/handler/sales.go:127.2,127.53 1 0
github.com/kusmin/gestao_updev/backend/internal/http/handler/sales.go:141.50,143.9 2 0
github.com/kusmin/gestao_updev/backend/internal/http/handler/sales.go:143.9,145.3 1 0
github.com/kusmin/gestao_updev/backend/internal/http/handler/sales.go:147.2,148.16 2 0
github.com/kusmin/gestao_updev/backend/internal/http/handler/sales.go:148.16,151.3 2 0
github.com/kusmin/gestao_updev/backend/internal/http/handler/sales.go:153.2,154.47 2 0
github.com/kusmin/gestao_updev/backend/internal/http/handler/sales.go:154.47,157.3 2 0
github.com/kusmin/gestao_updev/backend/internal/http/handler/sales.go:159.2,163.16 2 0
github.com/kusmin/gestao_updev/backend/internal/http/handler/sales.go:163.16,166.3 2 0
github.com/kusmin/gestao_updev/backend/internal/http/handler/sales.go:167.2,167.48 1 0
github.com/kusmin/gestao_updev/backend/internal/http/handler/sales.go:181.47,183.9 2 0
github.com/kusmin/gestao_updev/backend/internal/http/handler/sales.go:183.9,185.3 1 0
github.com/kusmin/gestao_updev/backend/internal/http/handler/sales.go:187.2,188.16 2 0
github.com/kusmin/gestao_updev/backend/internal/http/handler/sales.go:188.16,191.3 2 0
github.com/kusmin/gestao_updev/backend/internal/http/handler/sales.go:193.2,194.47 2 0
github.com/kusmin/gestao_updev/backend/internal/http/handler/sales.go:194.47,197.3 2 0
github.com/kusmin/gestao_updev/backend/internal/http/handler/sales.go:199.2,205.16 2 0
github.com/kusmin/gestao_updev/backend/internal/http/handler/sales.go:205.16,208.3 2 0
github.com/kusmin/gestao_updev/backend/internal/http/handler/sales.go:209.2,209.55 1 0
github.com/kusmin/gestao_updev/backend/internal/http/handler/sales.go:223.46,225.9 2 0
github.com/kusmin/gestao_updev/backend/internal/http/handler/sales.go:225.9,227.3 1 0
github.com/kusmin/gestao_updev/backend/internal/http/handler/sales.go:229.2,233.45 2 0
github.com/kusmin/gestao_updev/backend/internal/http/handler/sales.go:233.45,234.58 1 0
github.com/kusmin/gestao_updev/backend/internal/http/handler/sales.go:234.58,236.4 1 0
github.com/kusmin/gestao_updev/backend/internal/http/handler/sales.go:238.2,238.43 1 0
github.com/kusmin/gestao_updev/backend/internal/http/handler/sales.go:238.43,239.58 1 0
github.com/kusmin/gestao_updev/backend/internal/http/handler/sales.go:239.58,241.4 1 0
github.com/kusmin/gestao_updev/backend/internal/http/handler/sales.go:244.2,249.16 2 0
github.com/kusmin/gestao_updev/backend/internal/http/handler/sales.go:249.16,252.3 2 0
github.com/kusmin/gestao_updev/backend/internal/http/handler/sales.go:253.2,253.51 1 0
github.com/kusmin/gestao_updev/backend/internal/http/handler/users.go:41.43,43.9 2 0
github.com/kusmin/gestao_updev/backend/internal/http/handler/users.go:43.9,45.3 1 0
github.com/kusmin/gestao_updev/backend/internal/http/handler/users.go:47.2,56.16 5 0
github.com/kusmin/gestao_updev/backend/internal/http/handler/users.go:56.16,59.3 2 0
github.com/kusmin/gestao_updev/backend/internal/http/handler/users.go:61.2,61.81 1 0
github.com/kusmin/gestao_updev/backend/internal/http/handler/users.go:73.41,75.9 2 0
github.com/kusmin/gestao_updev/backend/internal/http/handler/users.go:75.9,77.3 1 0
github.com/kusmin/gestao_updev/backend/internal/http/handler/users.go:79.2,80.16 2 0
github.com/kusmin/gestao_updev/backend/internal/http/handler/users.go:80.16,83.3 2 0
github.com/kusmin/gestao_updev/backend/internal/http/handler/users.go:85.2,86.16 2 0
github.com/kusmin/gestao_updev/backend/internal/http/handler/users.go:86.16,89.3 2 0
github.com/kusmin/gestao_updev/backend/internal/http/handler/users.go:91.2,91.47 1 0
github.com/kusmin/gestao_updev/backend/internal/http/handler/users.go:105.44,107.9 2 0
github.com/kusmin/gestao_updev/backend/internal/http/handler/users.go:107.9,109.3 1 0
github.com/kusmin/gestao_updev/backend/internal/http/handler/users.go:111.2,112.47 2 0
github.com/kusmin/gestao_updev/backend/internal/http/handler/users.go:112.47,115.3 2 0
github.com/kusmin/gestao_updev/backend/internal/http/handler/users.go:117.2,124.16 2 0
github.com/kusmin/gestao_updev/backend/internal/http/handler/users.go:124.16,127.3 2 0
github.com/kusmin/gestao_updev/backend/internal/http/handler/users.go:129.2,129.52 1 0
github.com/kusmin/gestao_updev/backend/internal/http/handler/users.go:143.44,145.9 2 0
github.com/kusmin/gestao_updev/backend/internal/http/handler/users.go:145.9,147.3 1 0
github.com/kusmin/gestao_updev/backend/internal/http/handler/users.go:148.2,149.16 2 0
github.com/kusmin/gestao_updev/backend/internal/http/handler/users.go:149.16,152.3 2 0
github.com/kusmin/gestao_updev/backend/internal/http/handler/users.go:154.2,155.47 2 0
github.com/kusmin/gestao_updev/backend/internal/http/handler/users.go:155.47,158.3 2 0
github.com/kusmin/gestao_updev/backend/internal/http/handler/users.go:160.2,167.16 2 0
github.com/kusmin/gestao_updev/backend/internal/http/handler/users.go:167.16,170.3 2 0
github.com/kusmin/gestao_updev/backend/internal/http/handler/users.go:172.2,172.47 1 0
github.com/kusmin/gestao_updev/backend/internal/http/handler/users.go:183.44,185.9 2 0
github.com/kusmin/gestao_updev/backend/internal/http/handler/users.go:185.9,187.3 1 0
github.com/kusmin/gestao_updev/backend/internal/http/handler/users.go:188.2,189.16 2 0
github.com/kusmin/gestao_updev/backend/internal/http/handler/users.go:189.16,192.3 2 0
github.com/kusmin/gestao_updev/backend/internal/http/handler/users.go:194.2,194.82 1 0
github.com/kusmin/gestao_updev/backend/internal/http/handler/users.go:194.82,197.3 2 0
github.com/kusmin/gestao_updev/backend/internal/http/handler/users.go:199.2,199.32 1 0
github.com/kusmin/gestao_updev/backend/internal/http/response/response.go:20.78,26.2 1 0
github.com/kusmin/gestao_updev/backend/internal/http/response/response.go:29.83,38.2 1 0
github.com/kusmin/gestao_updev/backend/internal/middleware/auth.go:20.77,21.30 1 0
github.com/kusmin/gestao_updev/backend/internal/middleware/auth.go:21.30,23.23 2 0
github.com/kusmin/gestao_updev/backend/internal/middleware/auth.go:23.23,27.4 3 0
github.com/kusmin/gestao_updev/backend/internal/middleware/auth.go:29.3,30.64 2 0
github.com/kusmin/gestao_updev/backend/internal/middleware/auth.go:30.64,34.4 3 0
github.com/kusmin/gestao_updev/backend/internal/middleware/auth.go:36.3,37.17 2 0
github.com/kusmin/gestao_updev/backend/internal/middleware/auth.go:37.17,41.4 3 0
github.com/kusmin/gestao_updev/backend/internal/middleware/auth.go:43.3,44.78 2 0
github.com/kusmin/gestao_updev/backend/internal/middleware/auth.go:44.78,48.4 3 0
github.com/kusmin/gestao_updev/backend/internal/middleware/auth.go:50.3,53.11 4 0
github.com/kusmin/gestao_updev/backend/internal/middleware/logging.go:12.49,13.30 1 0
github.com/kusmin/gestao_updev/backend/internal/middleware/logging.go:13.30,23.18 10 0
github.com/kusmin/gestao_updev/backend/internal/middleware/logging.go:23.18,25.4 1 0
github.com/kusmin/gestao_updev/backend/internal/middleware/logging.go:27.3,32.19 5 0
github.com/kusmin/gestao_updev/backend/internal/middleware/logging.go:32.19,34.4 1 0
github.com/kusmin/gestao_updev/backend/internal/middleware/logging.go:36.3,48.18 2 0
github.com/kusmin/gestao_updev/backend/internal/middleware/logging.go:48.18,50.4 1 0
github.com/kusmin/gestao_updev/backend/internal/middleware/logging.go:52.3,52.16 1 0
github.com/kusmin/gestao_updev/backend/internal/middleware/logging.go:52.16,54.4 1 0
github.com/kusmin/gestao_updev/backend/internal/middleware/logging.go:56.3,57.18 2 0
github.com/kusmin/gestao_updev/backend/internal/middleware/logging.go:57.18,59.4 1 0
github.com/kusmin/gestao_updev/backend/internal/middleware/logging.go:61.3,61.52 1 0
github.com/kusmin/gestao_updev/backend/internal/middleware/logging.go:61.52,62.73 1 0
github.com/kusmin/gestao_updev/backend/internal/middleware/logging.go:62.73,64.5 1 0
github.com/kusmin/gestao_updev/backend/internal/middleware/logging.go:67.3,67.48 1 0
github.com/kusmin/gestao_updev/backend/internal/middleware/logging.go:67.48,68.67 1 0
github.com/kusmin/gestao_updev/backend/internal/middleware/logging.go:68.67,70.5 1 0
github.com/kusmin/gestao_updev/backend/internal/middleware/logging.go:73.3,73.24 1 0
github.com/kusmin/gestao_updev/backend/internal/middleware/logging.go:73.24,75.4 1 0
github.com/kusmin/gestao_updev/backend/internal/middleware/logging.go:77.3,78.10 2 0
github.com/kusmin/gestao_updev/backend/internal/middleware/logging.go:79.22,80.32 1 0
github.com/kusmin/gestao_updev/backend/internal/middleware/logging.go:81.22,82.31 1 0
github.com/kusmin/gestao_updev/backend/internal/middleware/logging.go:83.11,84.31 1 0
github.com/kusmin/gestao_updev/backend/internal/middleware/requestid.go:11.34,12.30 1 0
github.com/kusmin/gestao_updev/backend/internal/middleware/requestid.go:12.30,14.18 2 0
github.com/kusmin/gestao_updev/backend/internal/middleware/requestid.go:14.18,16.4 1 0
github.com/kusmin/gestao_updev/backend/internal/middleware/requestid.go:17.3,19.11 3 0
github.com/kusmin/gestao_updev/backend/internal/middleware/tenant.go:21.56,22.30 1 0
github.com/kusmin/gestao_updev/backend/internal/middleware/tenant.go:22.30,24.41 2 0
github.com/kusmin/gestao_updev/backend/internal/middleware/tenant.go:24.41,25.39 1 0
github.com/kusmin/gestao_updev/backend/internal/middleware/tenant.go:25.39,28.5 2 0
github.com/kusmin/gestao_updev/backend/internal/middleware/tenant.go:31.3,31.23 1 0
github.com/kusmin/gestao_updev/backend/internal/middleware/tenant.go:31.23,33.4 1 0
github.com/kusmin/gestao_updev/backend/internal/middleware/tenant.go:35.3,36.21 2 0
github.com/kusmin/gestao_updev/backend/internal/middleware/tenant.go:36.21,40.4 3 0
github.com/kusmin/gestao_updev/backend/internal/middleware/tenant.go:42.3,43.11 2 0
github.com/kusmin/gestao_updev/backend/internal/repository/repository.go:16.35,18.2 1 0
github.com/kusmin/gestao_updev/backend/internal/repository/repository.go:21.36,23.2 1 0
github.com/kusmin/gestao_updev/backend/internal/repository/repository.go:26.62,28.2 1 0
github.com/kusmin/gestao_updev/backend/internal/repository/repository.go:31.89,33.2 1 0
github.com/kusmin/gestao_updev/backend/internal/server/server.go:37.99,38.32 1 0
github.com/kusmin/gestao_updev/backend/internal/server/server.go:38.32,40.3 1 0
github.com/kusmin/gestao_updev/backend/internal/server/server.go:42.2,45.51 4 0
github.com/kusmin/gestao_updev/backend/internal/server/server.go:45.51,47.3 1 0
github.com/kusmin/gestao_updev/backend/internal/server/server.go:48.2,59.49 9 0
github.com/kusmin/gestao_updev/backend/internal/server/server.go:59.49,64.3 1 0
github.com/kusmin/gestao_updev/backend/internal/server/server.go:66.2,68.77 2 0
github.com/kusmin/gestao_updev/backend/internal/server/server.go:68.77,70.3 1 0
github.com/kusmin/gestao_updev/backend/internal/server/server.go:72.2,78.3 1 0
github.com/kusmin/gestao_updev/backend/internal/server/server.go:82.49,90.12 3 0
github.com/kusmin/gestao_updev/backend/internal/server/server.go:90.12,92.91 2 0
github.com/kusmin/gestao_updev/backend/internal/server/server.go:92.91,94.4 1 0
github.com/kusmin/gestao_updev/backend/internal/server/server.go:97.2,97.9 1 0
github.com/kusmin/gestao_updev/backend/internal/server/server.go:98.20,102.39 4 0
github.com/kusmin/gestao_updev/backend/internal/server/server.go:103.22,104.13 1 0
github.com/kusmin/gestao_updev/backend/internal/server/server.go:108.108,161.2 41 0
github.com/kusmin/gestao_updev/backend/internal/service/auth.go:34.89,36.16 2 0
github.com/kusmin/gestao_updev/backend/internal/service/auth.go:36.16,38.3 1 0
github.com/kusmin/gestao_updev/backend/internal/service/auth.go:40.2,55.73 3 0
github.com/kusmin/gestao_updev/backend/internal/service/auth.go:55.73,56.50 1 0
github.com/kusmin/gestao_updev/backend/internal/service/auth.go:56.50,58.4 1 0
github.com/kusmin/gestao_updev/backend/internal/service/auth.go:59.3,60.47 2 0
github.com/kusmin/gestao_updev/backend/internal/service/auth.go:60.47,62.4 1 0
github.com/kusmin/gestao_updev/backend/internal/service/auth.go:63.3,63.13 1 0
github.com/kusmin/gestao_updev/backend/internal/service/auth.go:65.2,65.16 1 0
github.com/kusmin/gestao_updev/backend/internal/service/auth.go:65.16,67.3 1 0
github.com/kusmin/gestao_updev/backend/internal/service/auth.go:69.2,70.16 2 0
github.com/kusmin/gestao_updev/backend/internal/service/auth.go:70.16,72.3 1 0
github.com/kusmin/gestao_updev/backend/internal/service/auth.go:74.2,78.8 1 0
github.com/kusmin/gestao_updev/backend/internal/service/auth.go:82.109,86.34 2 0
github.com/kusmin/gestao_updev/backend/internal/service/auth.go:86.34,87.36 1 0
github.com/kusmin/gestao_updev/backend/internal/service/auth.go:87.36,89.4 1 0
github.com/kusmin/gestao_updev/backend/internal/service/auth.go:90.3,90.23 1 0
github.com/kusmin/gestao_updev/backend/internal/service/auth.go:93.2,93.18 1 0
github.com/kusmin/gestao_updev/backend/internal/service/auth.go:93.18,95.3 1 0
github.com/kusmin/gestao_updev/backend/internal/service/auth.go:97.2,97.99 1 0
github.com/kusmin/gestao_updev/backend/internal/service/auth.go:97.99,99.3 1 0
github.com/kusmin/gestao_updev/backend/internal/service/auth.go:101.2,102.16 2 0
github.com/kusmin/gestao_updev/backend/internal/service/auth.go:102.16,104.3 1 0
github.com/kusmin/gestao_updev/backend/internal/service/auth.go:106.2,109.30 3 0
github.com/kusmin/gestao_updev/backend/internal/service/auth.go:113.100,115.16 2 0
github.com/kusmin/gestao_updev/backend/internal/service/auth.go:115.16,117.3 1 0
github.com/kusmin/gestao_updev/backend/internal/service/auth.go:119.2,122.34 2 0
github.com/kusmin/gestao_updev/backend/internal/service/auth.go:122.34,123.36 1 0
github.com/kusmin/gestao_updev/backend/internal/service/auth.go:123.36,125.4 1 0
github.com/kusmin/gestao_updev/backend/internal/service/auth.go:126.3,126.18 1 0
github.com/kusmin/gestao_updev/backend/internal/service/auth.go:128.2,128.18 1 0
github.com/kusmin/gestao_updev/backend/internal/service/auth.go:128.18,130.3 1 0
github.com/kusmin/gestao_updev/backend/internal/service/auth.go:132.2,133.16 2 0
github.com/kusmin/gestao_updev/backend/internal/service/auth.go:133.16,135.3 1 0
github.com/kusmin/gestao_updev/backend/internal/service/auth.go:136.2,136.23 1 0
github.com/kusmin/gestao_updev/backend/internal/service/bookings.go:43.121,47.25 2 0
github.com/kusmin/gestao_updev/backend/internal/service/bookings.go:47.25,49.3 1 0
github.com/kusmin/gestao_updev/backend/internal/service/bookings.go:50.2,50.34 1 0
github.com/kusmin/gestao_updev/backend/internal/service/bookings.go:50.34,52.3 1 0
github.com/kusmin/gestao_updev/backend/internal/service/bookings.go:53.2,53.24 1 0
github.com/kusmin/gestao_updev/backend/internal/service/bookings.go:53.24,57.3 3 0
github.com/kusmin/gestao_updev/backend/internal/service/bookings.go:59.2,60.74 2 0
github.com/kusmin/gestao_updev/backend/internal/service/bookings.go:60.74,62.3 1 0
github.com/kusmin/gestao_updev/backend/internal/service/bookings.go:63.2,63.22 1 0
github.com/kusmin/gestao_updev/backend/internal/service/bookings.go:66.119,67.94 1 0
github.com/kusmin/gestao_updev/backend/internal/service/bookings.go:67.94,69.3 1 0
github.com/kusmin/gestao_updev/backend/internal/service/bookings.go:70.2,70.106 1 0
github.com/kusmin/gestao_updev/backend/internal/service/bookings.go:70.106,72.3 1 0
github.com/kusmin/gestao_updev/backend/internal/service/bookings.go:73.2,73.24 1 0
github.com/kusmin/gestao_updev/backend/internal/service/bookings.go:73.24,75.3 1 0
github.com/kusmin/gestao_updev/backend/internal/service/bookings.go:77.2,79.37 3 0
github.com/kusmin/gestao_updev/backend/internal/service/bookings.go:79.37,81.123 2 0
github.com/kusmin/gestao_updev/backend/internal/service/bookings.go:81.123,83.4 1 0
github.com/kusmin/gestao_updev/backend/internal/service/bookings.go:84.3,85.20 2 0
github.com/kusmin/gestao_updev/backend/internal/service/bookings.go:88.2,88.102 1 0
github.com/kusmin/gestao_updev/backend/internal/service/bookings.go:88.102,90.3 1 0
github.com/kusmin/gestao_updev/backend/internal/service/bookings.go:92.2,106.67 2 0
github.com/kusmin/gestao_updev/backend/internal/service/bookings.go:106.67,108.3 1 0
github.com/kusmin/gestao_updev/backend/internal/service/bookings.go:109.2,109.21 1 0
github.com/kusmin/gestao_updev/backend/internal/service/bookings.go:112.136,116.37 2 0
github.com/kusmin/gestao_updev/backend/internal/service/bookings.go:116.37,118.3 1 0
github.com/kusmin/gestao_updev/backend/internal/service/bookings.go:120.2,120.48 1 0
github.com/kusmin/gestao_updev/backend/internal/service/bookings.go:120.48,123.27 3 0
github.com/kusmin/gestao_updev/backend/internal/service/bookings.go:123.27,125.4 1 0
github.com/kusmin/gestao_updev/backend/internal/service/bookings.go:126.3,126.25 1 0
github.com/kusmin/gestao_updev/backend/internal/service/bookings.go:126.25,128.4 1 0
github.com/kusmin/gestao_updev/backend/internal/service/bookings.go:129.3,129.112 1 0
github.com/kusmin/gestao_updev/backend/internal/service/bookings.go:129.112,131.4 1 0
github.com/kusmin/gestao_updev/backend/internal/service/bookings.go:134.2,135.25 2 0
github.com/kusmin/gestao_updev/backend/internal/service/bookings.go:135.25,137.3 1 0
github.com/kusmin/gestao_updev/backend/internal/service/bookings.go:138.2,138.26 1 0
github.com/kusmin/gestao_updev/backend/internal/service/bookings.go:138.26,140.3 1 0
github.com/kusmin/gestao_updev/backend/internal/service/bookings.go:141.2,141.24 1 0
github.com/kusmin/gestao_updev/backend/internal/service/bookings.go:141.24,143.3 1 0
github.com/kusmin/gestao_updev/backend/internal/service/bookings.go:144.2,144.24 1 0
github.com/kusmin/gestao_updev/backend/internal/service/bookings.go:144.24,146.3 1 0
github.com/kusmin/gestao_updev/backend/internal/service/bookings.go:148.2,148.23 1 0
github.com/kusmin/gestao_updev/backend/internal/service/bookings.go:148.23,150.3 1 0
github.com/kusmin/gestao_updev/backend/internal/service/bookings.go:152.2,155.38 1 0
github.com/kusmin/gestao_updev/backend/internal/service/bookings.go:155.38,157.3 1 0
github.com/kusmin/gestao_updev/backend/internal/service/bookings.go:159.2,161.37 1 0
github.com/kusmin/gestao_updev/backend/internal/service/bookings.go:161.37,163.3 1 0
github.com/kusmin/gestao_updev/backend/internal/service/bookings.go:164.2,164.22 1 0
github.com/kusmin/gestao_updev/backend/internal/service/bookings.go:167.125,171.37 2 0
github.com/kusmin/gestao_updev/backend/internal/service/bookings.go:171.37,173.3 1 0
github.com/kusmin/gestao_updev/backend/internal/service/bookings.go:175.2,176.21 2 0
github.com/kusmin/gestao_updev/backend/internal/service/bookings.go:176.21,178.3 1 0
github.com/kusmin/gestao_updev/backend/internal/service/bookings.go:179.2,179.18 1 0
github.com/kusmin/gestao_updev/backend/internal/service/bookings.go:179.18,181.3 1 0
github.com/kusmin/gestao_updev/backend/internal/service/bookings.go:183.2,189.24 1 0
github.com/kusmin/gestao_updev/backend/internal/service/bookings.go:189.24,191.3 1 0
github.com/kusmin/gestao_updev/backend/internal/service/bookings.go:193.2,195.37 1 0
github.com/kusmin/gestao_updev/backend/internal/service/bookings.go:195.37,197.3 1 0
github.com/kusmin/gestao_updev/backend/internal/service/bookings.go:198.2,198.22 1 0
github.com/kusmin/gestao_updev/backend/internal/service/bookings.go:201.146,207.21 2 0
github.com/kusmin/gestao_updev/backend/internal/service/bookings.go:207.21,209.3 1 0
github.com/kusmin/gestao_updev/backend/internal/service/bookings.go:211.2,212.53 2 0
github.com/kusmin/gestao_updev/backend/internal/service/bookings.go:212.53,213.36 1 0
github.com/kusmin/gestao_updev/backend/internal/service/bookings.go:213.36,215.4 1 0
github.com/kusmin/gestao_updev/backend/internal/service/bookings.go:216.3,216.13 1 0
github.com/kusmin/gestao_updev/backend/internal/service/bookings.go:218.2,218.27 1 0
github.com/kusmin/gestao_updev/backend/internal/service/catalog.go:35.99,40.37 2 0
github.com/kusmin/gestao_updev/backend/internal/service/catalog.go:40.37,42.3 1 0
github.com/kusmin/gestao_updev/backend/internal/service/catalog.go:43.2,43.22 1 0
github.com/kusmin/gestao_updev/backend/internal/service/catalog.go:46.107,50.37 2 0
github.com/kusmin/gestao_updev/backend/internal/service/catalog.go:50.37,52.3 1 0
github.com/kusmin/gestao_updev/backend/internal/service/catalog.go:53.2,53.22 1 0
github.com/kusmin/gestao_updev/backend/internal/service/catalog.go:56.119,69.67 2 0
github.com/kusmin/gestao_updev/backend/internal/service/catalog.go:69.67,71.3 1 0
github.com/kusmin/gestao_updev/backend/internal/service/catalog.go:72.2,72.21 1 0
github.com/kusmin/gestao_updev/backend/internal/service/catalog.go:75.130,79.37 2 0
github.com/kusmin/gestao_updev/backend/internal/service/catalog.go:79.37,81.3 1 0
github.com/kusmin/gestao_updev/backend/internal/service/catalog.go:83.2,96.38 2 0
github.com/kusmin/gestao_updev/backend/internal/service/catalog.go:96.38,98.3 1 0
github.com/kusmin/gestao_updev/backend/internal/service/catalog.go:100.2,102.37 1 0
github.com/kusmin/gestao_updev/backend/internal/service/catalog.go:102.37,104.3 1 0
github.com/kusmin/gestao_updev/backend/internal/service/catalog.go:105.2,105.22 1 0
github.com/kusmin/gestao_updev/backend/internal/service/catalog.go:108.91,112.2 1 0
github.com/kusmin/gestao_updev/backend/internal/service/catalog.go:114.99,119.37 2 0
github.com/kusmin/gestao_updev/backend/internal/service/catalog.go:119.37,121.3 1 0
github.com/kusmin/gestao_updev/backend/internal/service/catalog.go:122.2,122.22 1 0
github.com/kusmin/gestao_updev/backend/internal/service/catalog.go:125.107,129.37 2 0
github.com/kusmin/gestao_updev/backend/internal/service/catalog.go:129.37,131.3 1 0
github.com/kusmin/gestao_updev/backend/internal/service/catalog.go:132.2,132.22 1 0
github.com/kusmin/gestao_updev/backend/internal/service/catalog.go:135.119,149.67 2 0
github.com/kusmin/gestao_updev/backend/internal/service/catalog.go:149.67,151.3 1 0
github.com/kusmin/gestao_updev/backend/internal/service/catalog.go:152.2,152.21 1 0
github.com/kusmin/gestao_updev/backend/internal/service/catalog.go:155.130,159.37 2 0
github.com/kusmin/gestao_updev/backend/internal/service/catalog.go:159.37,161.3 1 0
github.com/kusmin/gestao_updev/backend/internal/service/catalog.go:163.2,177.38 2 0
github.com/kusmin/gestao_updev/backend/internal/service/catalog.go:177.38,179.3 1 0
github.com/kusmin/gestao_updev/backend/internal/service/catalog.go:181.2,183.37 1 0
github.com/kusmin/gestao_updev/backend/internal/service/catalog.go:183.37,185.3 1 0
github.com/kusmin/gestao_updev/backend/internal/service/catalog.go:186.2,186.22 1 0
github.com/kusmin/gestao_updev/backend/internal/service/catalog.go:189.91,193.2 1 0
github.com/kusmin/gestao_updev/backend/internal/service/clients.go:41.126,51.25 5 0
github.com/kusmin/gestao_updev/backend/internal/service/clients.go:51.25,54.3 2 0
github.com/kusmin/gestao_updev/backend/internal/service/clients.go:56.2,56.34 1 0
github.com/kusmin/gestao_updev/backend/internal/service/clients.go:56.34,59.3 2 0
github.com/kusmin/gestao_updev/backend/internal/service/clients.go:61.2,61.50 1 0
github.com/kusmin/gestao_updev/backend/internal/service/clients.go:61.50,63.3 1 0
github.com/kusmin/gestao_updev/backend/internal/service/clients.go:65.2,65.16 1 0
github.com/kusmin/gestao_updev/backend/internal/service/clients.go:65.16,67.3 1 0
github.com/kusmin/gestao_updev/backend/internal/service/clients.go:69.2,73.36 1 0
github.com/kusmin/gestao_updev/backend/internal/service/clients.go:73.36,75.3 1 0
github.com/kusmin/gestao_updev/backend/internal/service/clients.go:77.2,77.28 1 0
github.com/kusmin/gestao_updev/backend/internal/service/clients.go:81.116,93.66 2 0
github.com/kusmin/gestao_updev/backend/internal/service/clients.go:93.66,95.3 1 0
github.com/kusmin/gestao_updev/backend/internal/service/clients.go:96.2,96.20 1 0
github.com/kusmin/gestao_updev/backend/internal/service/clients.go:100.118,104.36 2 0
github.com/kusmin/gestao_updev/backend/internal/service/clients.go:104.36,106.3 1 0
github.com/kusmin/gestao_updev/backend/internal/service/clients.go:108.2,114.16 3 0
github.com/kusmin/gestao_updev/backend/internal/service/clients.go:114.16,116.3 1 0
github.com/kusmin/gestao_updev/backend/internal/service/clients.go:118.2,122.41 2 0
github.com/kusmin/gestao_updev/backend/internal/service/clients.go:122.41,124.3 1 0
github.com/kusmin/gestao_updev/backend/internal/service/clients.go:124.8,124.42 1 0
github.com/kusmin/gestao_updev/backend/internal/service/clients.go:124.42,126.3 1 0
github.com/kusmin/gestao_updev/backend/internal/service/clients.go:128.2,137.31 3 0
github.com/kusmin/gestao_updev/backend/internal/service/clients.go:137.31,139.3 1 0
github.com/kusmin/gestao_updev/backend/internal/service/clients.go:140.2,142.29 2 0
github.com/kusmin/gestao_updev/backend/internal/service/clients.go:146.126,150.36 2 0
github.com/kusmin/gestao_updev/backend/internal/service/clients.go:150.36,152.3 1 0
github.com/kusmin/gestao_updev/backend/internal/service/clients.go:154.2,166.38 2 0
github.com/kusmin/gestao_updev/backend/internal/service/clients.go:166.38,168.3 1 0
github.com/kusmin/gestao_updev/backend/internal/service/clients.go:170.2,172.36 1 0
github.com/kusmin/gestao_updev/backend/internal/service/clients.go:172.36,174.3 1 0
github.com/kusmin/gestao_updev/backend/internal/service/clients.go:176.2,176.21 1 0
github.com/kusmin/gestao_updev/backend/internal/service/clients.go:180.89,184.2 1 0
github.com/kusmin/gestao_updev/backend/internal/service/clients.go:186.48,187.17 1 0
github.com/kusmin/gestao_updev/backend/internal/service/clients.go:187.17,189.3 1 0
github.com/kusmin/gestao_updev/backend/internal/service/clients.go:190.2,191.26 2 0
github.com/kusmin/gestao_updev/backend/internal/service/clients.go:194.71,195.20 1 0
github.com/kusmin/gestao_updev/backend/internal/service/clients.go:195.20,197.3 1 0
github.com/kusmin/gestao_updev/backend/internal/service/clients.go:198.2,198.35 1 0
github.com/kusmin/gestao_updev/backend/internal/service/company.go:21.96,23.87 2 0
github.com/kusmin/gestao_updev/backend/internal/service/company.go:23.87,25.3 1 0
github.com/kusmin/gestao_updev/backend/internal/service/company.go:26.2,26.22 1 0
github.com/kusmin/gestao_updev/backend/internal/service/company.go:30.125,32.87 2 0
github.com/kusmin/gestao_updev/backend/internal/service/company.go:32.87,34.3 1 0
github.com/kusmin/gestao_updev/backend/internal/service/company.go:36.2,37.23 2 0
github.com/kusmin/gestao_updev/backend/internal/service/company.go:37.23,39.3 1 0
github.com/kusmin/gestao_updev/backend/internal/service/company.go:40.2,40.27 1 0
github.com/kusmin/gestao_updev/backend/internal/service/company.go:40.27,42.3 1 0
github.com/kusmin/gestao_updev/backend/internal/service/company.go:43.2,43.24 1 0
github.com/kusmin/gestao_updev/backend/internal/service/company.go:43.24,45.3 1 0
github.com/kusmin/gestao_updev/backend/internal/service/company.go:46.2,46.24 1 0
github.com/kusmin/gestao_updev/backend/internal/service/company.go:46.24,48.3 1 0
github.com/kusmin/gestao_updev/backend/internal/service/company.go:49.2,49.27 1 0
github.com/kusmin/gestao_updev/backend/internal/service/company.go:49.27,51.3 1 0
github.com/kusmin/gestao_updev/backend/internal/service/company.go:53.2,53.23 1 0
github.com/kusmin/gestao_updev/backend/internal/service/company.go:53.23,55.3 1 0
github.com/kusmin/gestao_updev/backend/internal/service/company.go:57.2,60.38 1 0
github.com/kusmin/gestao_updev/backend/internal/service/company.go:60.38,62.3 1 0
github.com/kusmin/gestao_updev/backend/internal/service/company.go:64.2,64.87 1 0
github.com/kusmin/gestao_updev/backend/internal/service/company.go:64.87,66.3 1 0
github.com/kusmin/gestao_updev/backend/internal/service/company.go:68.2,68.22 1 0
github.com/kusmin/gestao_updev/backend/internal/service/dashboard.go:28.146,34.27 4 0
github.com/kusmin/gestao_updev/backend/internal/service/dashboard.go:34.27,36.3 1 0
github.com/kusmin/gestao_updev/backend/internal/service/dashboard.go:38.2,39.57 2 0
github.com/kusmin/gestao_updev/backend/internal/service/dashboard.go:39.57,41.3 1 0
github.com/kusmin/gestao_updev/backend/internal/service/dashboard.go:42.2,42.107 1 0
github.com/kusmin/gestao_updev/backend/internal/service/dashboard.go:42.107,44.3 1 0
github.com/kusmin/gestao_updev/backend/internal/service/dashboard.go:46.2,51.97 3 0
github.com/kusmin/gestao_updev/backend/internal/service/dashboard.go:51.97,53.3 1 0
github.com/kusmin/gestao_updev/backend/internal/service/dashboard.go:54.2,72.16 5 0
github.com/kusmin/gestao_updev/backend/internal/service/dashboard.go:72.16,74.3 1 0
github.com/kusmin/gestao_updev/backend/internal/service/dashboard.go:76.2,77.27 2 0
github.com/kusmin/gestao_updev/backend/internal/service/dashboard.go:77.27,83.3 1 0
github.com/kusmin/gestao_updev/backend/internal/service/dashboard.go:85.2,91.8 1 0
github.com/kusmin/gestao_updev/backend/internal/service/inventory.go:32.143,36.29 2 0
github.com/kusmin/gestao_updev/backend/internal/service/inventory.go:36.29,38.3 1 0
github.com/kusmin/gestao_updev/backend/internal/service/inventory.go:39.2,39.23 1 0
github.com/kusmin/gestao_updev/backend/internal/service/inventory.go:39.23,41.3 1 0
github.com/kusmin/gestao_updev/backend/internal/service/inventory.go:42.2,42.29 1 0
github.com/kusmin/gestao_updev/backend/internal/service/inventory.go:42.29,44.3 1 0
github.com/kusmin/gestao_updev/backend/internal/service/inventory.go:45.2,45.27 1 0
github.com/kusmin/gestao_updev/backend/internal/service/inventory.go:45.27,47.3 1 0
github.com/kusmin/gestao_updev/backend/internal/service/inventory.go:49.2,50.78 2 0
github.com/kusmin/gestao_updev/backend/internal/service/inventory.go:50.78,52.3 1 0
github.com/kusmin/gestao_updev/backend/internal/service/inventory.go:53.2,53.23 1 0
github.com/kusmin/gestao_updev/backend/internal/service/inventory.go:56.141,57.25 1 0
github.com/kusmin/gestao_updev/backend/internal/service/inventory.go:57.25,59.3 1 0
github.com/kusmin/gestao_updev/backend/internal/service/inventory.go:61.2,61.20 1 0
github.com/kusmin/gestao_updev/backend/internal/service/inventory.go:62.99,62.99 0 0
github.com/kusmin/gestao_updev/backend/internal/service/inventory.go:63.10,64.38 1 0
github.com/kusmin/gestao_updev/backend/internal/service/inventory.go:66.2,66.96 1 0
github.com/kusmin/gestao_updev/backend/internal/service/inventory.go:66.96,68.3 1 0
github.com/kusmin/gestao_updev/backend/internal/service/inventory.go:69.2,69.26 1 0
github.com/kusmin/gestao_updev/backend/internal/service/inventory.go:69.26,70.99 1 0
github.com/kusmin/gestao_updev/backend/internal/service/inventory.go:70.99,72.4 1 0
github.com/kusmin/gestao_updev/backend/internal/service/inventory.go:75.2,84.26 2 0
github.com/kusmin/gestao_updev/backend/internal/service/inventory.go:84.26,86.3 1 0
github.com/kusmin/gestao_updev/backend/internal/service/inventory.go:88.2,88.68 1 0
github.com/kusmin/gestao_updev/backend/internal/service/inventory.go:88.68,90.3 1 0
github.com/kusmin/gestao_updev/backend/internal/service/inventory.go:91.2,91.22 1 0
github.com/kusmin/gestao_updev/backend/internal/service/professionals.go:12.109,18.42 2 0
github.com/kusmin/gestao_updev/backend/internal/service/professionals.go:18.42,20.3 1 0
github.com/kusmin/gestao_updev/backend/internal/service/professionals.go:21.2,21.27 1 0
github.com/kusmin/gestao_updev/backend/internal/service/sales.go:61.130,66.25 2 0
github.com/kusmin/gestao_updev/backend/internal/service/sales.go:66.25,68.3 1 0
github.com/kusmin/gestao_updev/backend/internal/service/sales.go:69.2,69.28 1 0
github.com/kusmin/gestao_updev/backend/internal/service/sales.go:69.28,71.3 1 0
github.com/kusmin/gestao_updev/backend/internal/service/sales.go:72.2,72.24 1 0
github.com/kusmin/gestao_updev/backend/internal/service/sales.go:72.24,76.3 3 0
github.com/kusmin/gestao_updev/backend/internal/service/sales.go:78.2,79.75 2 0
github.com/kusmin/gestao_updev/backend/internal/service/sales.go:79.75,81.3 1 0
github.com/kusmin/gestao_updev/backend/internal/service/sales.go:82.2,82.20 1 0
github.com/kusmin/gestao_updev/backend/internal/service/sales.go:85.128,86.27 1 0
github.com/kusmin/gestao_updev/backend/internal/service/sales.go:86.27,88.3 1 0
github.com/kusmin/gestao_updev/backend/internal/service/sales.go:89.2,89.94 1 0
github.com/kusmin/gestao_updev/backend/internal/service/sales.go:89.94,91.3 1 0
github.com/kusmin/gestao_updev/backend/internal/service/sales.go:92.2,92.28 1 0
github.com/kusmin/gestao_updev/backend/internal/service/sales.go:92.28,93.98 1 0
github.com/kusmin/gestao_updev/backend/internal/service/sales.go:93.98,95.4 1 0
github.com/kusmin/gestao_updev/backend/internal/service/sales.go:97.2,97.71 1 0
github.com/kusmin/gestao_updev/backend/internal/service/sales.go:97.71,99.3 1 0
github.com/kusmin/gestao_updev/backend/internal/service/sales.go:101.2,110.28 2 0
github.com/kusmin/gestao_updev/backend/internal/service/sales.go:110.28,112.3 1 0
github.com/kusmin/gestao_updev/backend/internal/service/sales.go:114.2,114.57 1 0
github.com/kusmin/gestao_updev/backend/internal/service/sales.go:114.57,116.48 2 0
github.com/kusmin/gestao_updev/backend/internal/service/sales.go:116.48,118.4 1 0
github.com/kusmin/gestao_updev/backend/internal/service/sales.go:120.3,120.36 1 0
github.com/kusmin/gestao_updev/backend/internal/service/sales.go:120.36,121.26 1 0
github.com/kusmin/gestao_updev/backend/internal/service/sales.go:121.26,123.5 1 0
github.com/kusmin/gestao_updev/backend/internal/service/sales.go:124.4,135.54 3 0
github.com/kusmin/gestao_updev/backend/internal/service/sales.go:135.54,137.5 1 0
github.com/kusmin/gestao_updev/backend/internal/service/sales.go:140.3,141.22 2 0
github.com/kusmin/gestao_updev/backend/internal/service/sales.go:141.22,143.4 1 0
github.com/kusmin/gestao_updev/backend/internal/service/sales.go:144.3,144.85 1 0
github.com/kusmin/gestao_updev/backend/internal/service/sales.go:146.2,146.16 1 0
github.com/kusmin/gestao_updev/backend/internal/service/sales.go:146.16,148.3 1 0
github.com/kusmin/gestao_updev/backend/internal/service/sales.go:150.2,152.54 1 0
github.com/kusmin/gestao_updev/backend/internal/service/sales.go:152.54,154.3 1 0
github.com/kusmin/gestao_updev/backend/internal/service/sales.go:155.2,155.19 1 0
github.com/kusmin/gestao_updev/backend/internal/service/sales.go:158.143,163.35 2 0
github.com/kusmin/gestao_updev/backend/internal/service/sales.go:163.35,165.3 1 0
github.com/kusmin/gestao_updev/backend/internal/service/sales.go:167.2,168.25 2 0
github.com/kusmin/gestao_updev/backend/internal/service/sales.go:168.25,170.3 1 0
github.com/kusmin/gestao_updev/backend/internal/service/sales.go:171.2,171.24 1 0
github.com/kusmin/gestao_updev/backend/internal/service/sales.go:171.24,173.3 1 0
github.com/kusmin/gestao_updev/backend/internal/service/sales.go:175.2,175.23 1 0
github.com/kusmin/gestao_updev/backend/internal/service/sales.go:175.23,177.3 1 0
github.com/kusmin/gestao_updev/backend/internal/service/sales.go:179.2,182.38 1 0
github.com/kusmin/gestao_updev/backend/internal/service/sales.go:182.38,184.3 1 0
github.com/kusmin/gestao_updev/backend/internal/service/sales.go:186.2,189.35 1 0
github.com/kusmin/gestao_updev/backend/internal/service/sales.go:189.35,191.3 1 0
github.com/kusmin/gestao_updev/backend/internal/service/sales.go:192.2,192.20 1 0
github.com/kusmin/gestao_updev/backend/internal/service/sales.go:195.125,196.91 1 0
github.com/kusmin/gestao_updev/backend/internal/service/sales.go:196.91,198.3 1 0
github.com/kusmin/gestao_updev/backend/internal/service/sales.go:199.2,209.28 2 0
github.com/kusmin/gestao_updev/backend/internal/service/sales.go:209.28,211.3 1 0
github.com/kusmin/gestao_updev/backend/internal/service/sales.go:213.2,213.67 1 0
github.com/kusmin/gestao_updev/backend/internal/service/sales.go:213.67,215.3 1 0
github.com/kusmin/gestao_updev/backend/internal/service/sales.go:216.2,216.21 1 0
github.com/kusmin/gestao_updev/backend/internal/service/sales.go:219.121,223.25 2 0
github.com/kusmin/gestao_updev/backend/internal/service/sales.go:223.25,225.3 1 0
github.com/kusmin/gestao_updev/backend/internal/service/sales.go:226.2,226.29 1 0
github.com/kusmin/gestao_updev/backend/internal/service/sales.go:226.29,228.3 1 0
github.com/kusmin/gestao_updev/backend/internal/service/sales.go:229.2,229.27 1 0
github.com/kusmin/gestao_updev/backend/internal/service/sales.go:229.27,231.3 1 0
github.com/kusmin/gestao_updev/backend/internal/service/sales.go:233.2,234.74 2 0
github.com/kusmin/gestao_updev/backend/internal/service/sales.go:234.74,236.3 1 0
github.com/kusmin/gestao_updev/backend/internal/service/sales.go:237.2,237.22 1 0
github.com/kusmin/gestao_updev/backend/internal/service/sales.go:240.107,241.29 1 0
github.com/kusmin/gestao_updev/backend/internal/service/sales.go:241.29,242.20 1 0
github.com/kusmin/gestao_updev/backend/internal/service/sales.go:243.18,244.93 1 0
github.com/kusmin/gestao_updev/backend/internal/service/sales.go:244.93,246.5 1 0
github.com/kusmin/gestao_updev/backend/internal/service/sales.go:247.18,248.93 1 0
github.com/kusmin/gestao_updev/backend/internal/service/sales.go:248.93,250.5 1 0
github.com/kusmin/gestao_updev/backend/internal/service/sales.go:251.11,252.66 1 0
github.com/kusmin/gestao_updev/backend/internal/service/sales.go:255.2,255.12 1 0
github.com/kusmin/gestao_updev/backend/internal/service/service.go:29.110,36.2 1 0
github.com/kusmin/gestao_updev/backend/internal/service/service.go:38.63,40.2 1 0
github.com/kusmin/gestao_updev/backend/internal/service/service.go:42.54,44.2 1 0
github.com/kusmin/gestao_updev/backend/internal/service/service.go:46.65,47.15 1 0
github.com/kusmin/gestao_updev/backend/internal/service/service.go:47.15,49.3 1 0
github.com/kusmin/gestao_updev/backend/internal/service/service.go:50.2,50.18 1 0
github.com/kusmin/gestao_updev/backend/internal/service/service.go:50.18,52.3 1 0
github.com/kusmin/gestao_updev/backend/internal/service/service.go:53.2,53.19 1 0
github.com/kusmin/gestao_updev/backend/internal/service/service.go:53.19,55.3 1 0
github.com/kusmin/gestao_updev/backend/internal/service/service.go:56.2,56.22 1 0
github.com/kusmin/gestao_updev/backend/internal/service/service.go:59.114,64.2 1 0
github.com/kusmin/gestao_updev/backend/internal/service/users.go:38.120,46.23 5 0
github.com/kusmin/gestao_updev/backend/internal/service/users.go:46.23,48.3 1 0
github.com/kusmin/gestao_updev/backend/internal/service/users.go:50.2,50.50 1 0
github.com/kusmin/gestao_updev/backend/internal/service/users.go:50.50,52.3 1 0
github.com/kusmin/gestao_updev/backend/internal/service/users.go:54.2,54.16 1 0
github.com/kusmin/gestao_updev/backend/internal/service/users.go:54.16,56.3 1 0
github.com/kusmin/gestao_updev/backend/internal/service/users.go:58.2,62.34 1 0
github.com/kusmin/gestao_updev/backend/internal/service/users.go:62.34,64.3 1 0
github.com/kusmin/gestao_updev/backend/internal/service/users.go:66.2,66.26 1 0
github.com/kusmin/gestao_updev/backend/internal/service/users.go:70.98,74.34 2 0
github.com/kusmin/gestao_updev/backend/internal/service/users.go:74.34,76.3 1 0
github.com/kusmin/gestao_updev/backend/internal/service/users.go:77.2,77.19 1 0
github.com/kusmin/gestao_updev/backend/internal/service/users.go:81.116,83.16 2 0
github.com/kusmin/gestao_updev/backend/internal/service/users.go:83.16,85.3 1 0
github.com/kusmin/gestao_updev/backend/internal/service/users.go:87.2,99.64 2 0
github.com/kusmin/gestao_updev/backend/internal/service/users.go:99.64,101.3 1 0
github.com/kusmin/gestao_updev/backend/internal/service/users.go:102.2,102.18 1 0
github.com/kusmin/gestao_updev/backend/internal/service/users.go:106.124,110.34 2 0
github.com/kusmin/gestao_updev/backend/internal/service/users.go:110.34,112.3 1 0
github.com/kusmin/gestao_updev/backend/internal/service/users.go:114.2,115.23 2 0
github.com/kusmin/gestao_updev/backend/internal/service/users.go:115.23,117.3 1 0
github.com/kusmin/gestao_updev/backend/internal/service/users.go:118.2,118.24 1 0
github.com/kusmin/gestao_updev/backend/internal/service/users.go:118.24,120.3 1 0
github.com/kusmin/gestao_updev/backend/internal/service/users.go:121.2,121.23 1 0
github.com/kusmin/gestao_updev/backend/internal/service/users.go:121.23,123.3 1 0
github.com/kusmin/gestao_updev/backend/internal/service/users.go:124.2,124.25 1 0
github.com/kusmin/gestao_updev/backend/internal/service/users.go:124.25,126.3 1 0
[...]
github.com/kusmin/gestao_updev/backend/internal/service/inventory.go:57.25,59.3 1 0
github.com/kusmin/gestao_updev/backend/internal/service/inventory.go:61.2,61.20 1 0
github.com/kusmin/gestao_updev/backend/internal/service/inventory.go:62.99,62.99 0 0
github.com/kusmin/gestao_updev/backend/internal/service/inventory.go:63.10,64.38 1 0
github.com/kusmin/gestao_updev/backend/internal/service/inventory.go:66.2,66.96 1 0
github.com/kusmin/gestao_updev/backend/internal/service/inventory.go:66.96,68.3 1 0
github.com/kusmin/gestao_updev/backend/internal/service/inventory.go:69.2,69.26 1 0
github.com/kusmin/gestao_updev/backend/internal/service/inventory.go:69.26,70.99 1 0
github.com/kusmin/gestao_updev/backend/internal/service/inventory.go:70.99,72.4 1 0
github.com/kusmin/gestao_updev/backend/internal/service/inventory.go:75.2,84.26 2 0
github.com/kusmin/gestao_updev/backend/internal/service/inventory.go:84.26,86.3 1 0
github.com/kusmin/gestao_updev/backend/internal/service/inventory.go:88.2,88.68 1 0
github.com/kusmin/gestao_updev/backend/internal/service/inventory.go:88.68,90.3 1 0
github.com/kusmin/gestao_updev/backend/internal/service/inventory.go:91.2,91.22 1 0
github.com/kusmin/gestao_updev/backend/internal/service/professionals.go:12.109,18.42 2 0
github.com/kusmin/gestao_updev/backend/internal/service/professionals.go:18.42,20.3 1 0
github.com/kusmin/gestao_updev/backend/internal/service/professionals.go:21.2,21.27 1 0
github.com/kusmin/gestao_updev/backend/internal/service/sales.go:61.130,66.25 2 0
github.com/kusmin/gestao_updev/backend/internal/service/sales.go:66.25,68.3 1 0
github.com/kusmin/gestao_updev/backend/internal/service/sales.go:69.2,69.28 1 0
github.com/kusmin/gestao_updev/backend/internal/service/sales.go:69.28,71.3 1 0
github.com/kusmin/gestao_updev/backend/internal/service/sales.go:72.2,72.24 1 0
github.com/kusmin/gestao_updev/backend/internal/service/sales.go:72.24,76.3 3 0
github.com/kusmin/gestao_updev/backend/internal/service/sales.go:78.2,79.75 2 0
github.com/kusmin/gestao_updev/backend/internal/service/sales.go:79.75,81.3 1 0
github.com/kusmin/gestao_updev/backend/internal/service/sales.go:82.2,82.20 1 0
github.com/kusmin/gestao_updev/backend/internal/service/sales.go:85.128,86.27 1 0
github.com/kusmin/gestao_updev/backend/internal/service/sales.go:86.27,88.3 1 0
github.com/kusmin/gestao_updev/backend/internal/service/sales.go:89.2,89.94 1 0
github.com/kusmin/gestao_updev/backend/internal/service/sales.go:89.94,91.3 1 0
github.com/kusmin/gestao_updev/backend/internal/service/sales.go:92.2,92.28 1 0
github.com/kusmin/gestao_updev/backend/internal/service/sales.go:92.28,93.98 1 0
github.com/kusmin/gestao_updev/backend/internal/service/sales.go:93.98,95.4 1 0
github.com/kusmin/gestao_updev/backend/internal/service/sales.go:97.2,97.71 1 0
github.com/kusmin/gestao_updev/backend/internal/service/sales.go:97.71,99.3 1 0
github.com/kusmin/gestao_updev/backend/internal/service/sales.go:101.2,110.28 2 0
github.com/kusmin/gestao_updev/backend/internal/service/sales.go:110.28,112.3 1 0
github.com/kusmin/gestao_updev/backend/internal/service/sales.go:114.2,114.57 1 0
github.com/kusmin/gestao_updev/backend/internal/service/sales.go:114.57,116.48 2 0
github.com/kusmin/gestao_updev/backend/internal/service/sales.go:116.48,118.4 1 0
github.com/kusmin/gestao_updev/backend/internal/service/sales.go:120.3,120.36 1 0
github.com/kusmin/gestao_updev/backend/internal/service/sales.go:120.36,121.26 1 0
github.com/kusmin/gestao_updev/backend/internal/service/sales.go:121.26,123.5 1 0
github.com/kusmin/gestao_updev/backend/internal/service/sales.go:124.4,135.54 3 0
github.com/kusmin/gestao_updev/backend/internal/service/sales.go:135.54,137.5 1 0
github.com/kusmin/gestao_updev/backend/internal/service/sales.go:140.3,141.22 2 0
github.com/kusmin/gestao_updev/backend/internal/service/sales.go:141.22,143.4 1 0
github.com/kusmin/gestao_updev/backend/internal/service/sales.go:144.3,144.85 1 0
github.com/kusmin/gestao_updev/backend/internal/service/sales.go:146.2,146.16 1 0
github.com/kusmin/gestao_updev/backend/internal/service/sales.go:146.16,148.3 1 0
github.com/kusmin/gestao_updev/backend/internal/service/sales.go:150.2,152.54 1 0
github.com/kusmin/gestao_updev/backend/internal/service/sales.go:152.54,154.3 1 0
github.com/kusmin/gestao_updev/backend/internal/service/sales.go:155.2,155.19 1 0
github.com/kusmin/gestao_updev/backend/internal/service/sales.go:158.143,163.35 2 0
github.com/kusmin/gestao_updev/backend/internal/service/sales.go:163.35,165.3 1 0
github.com/kusmin/gestao_updev/backend/internal/service/sales.go:167.2,168.25 2 0
github.com/kusmin/gestao_updev/backend/internal/service/sales.go:168.25,170.3 1 0
github.com/kusmin/gestao_updev/backend/internal/service/sales.go:171.2,171.24 1 0
github.com/kusmin/gestao_updev/backend/internal/service/sales.go:171.24,173.3 1 0
github.com/kusmin/gestao_updev/backend/internal/service/sales.go:175.2,175.23 1 0
github.com/kusmin/gestao_updev/backend/internal/service/sales.go:175.23,177.3 1 0
github.com/kusmin/gestao_updev/backend/internal/service/sales.go:179.2,182.38 1 0
github.com/kusmin/gestao_updev/backend/internal/service/sales.go:182.38,184.3 1 0
github.com/kusmin/gestao_updev/backend/internal/service/sales.go:186.2,189.35 1 0
github.com/kusmin/gestao_updev/backend/internal/service/sales.go:189.35,191.3 1 0
github.com/kusmin/gestao_updev/backend/internal/service/sales.go:192.2,192.20 1 0
github.com/kusmin/gestao_updev/backend/internal/service/sales.go:195.125,196.91 1 0
github.com/kusmin/gestao_updev/backend/internal/service/sales.go:196.91,198.3 1 0
github.com/kusmin/gestao_updev/backend/internal/service/sales.go:199.2,209.28 2 0
github.com/kusmin/gestao_updev/backend/internal/service/sales.go:209.28,211.3 1 0
github.com/kusmin/gestao_updev/backend/internal/service/sales.go:213.2,213.67 1 0
github.com/kusmin/gestao_updev/backend/internal/service/sales.go:213.67,215.3 1 0
github.com/kusmin/gestao_updev/backend/internal/service/sales.go:216.2,216.21 1 0
github.com/kusmin/gestao_updev/backend/internal/service/sales.go:219.121,223.25 2 0
github.com/kusmin/gestao_updev/backend/internal/service/sales.go:223.25,225.3 1 0
github.com/kusmin/gestao_updev/backend/internal/service/sales.go:226.2,226.29 1 0
github.com/kusmin/gestao_updev/backend/internal/service/sales.go:226.29,228.3 1 0
github.com/kusmin/gestao_updev/backend/internal/service/sales.go:229.2,229.27 1 0
github.com/kusmin/gestao_updev/backend/internal/service/sales.go:229.27,231.3 1 0
github.com/kusmin/gestao_updev/backend/internal/service/sales.go:233.2,234.74 2 0
github.com/kusmin/gestao_updev/backend/internal/service/sales.go:234.74,236.3 1 0
github.com/kusmin/gestao_updev/backend/internal/service/sales.go:237.2,237.22 1 0
github.com/kusmin/gestao_updev/backend/internal/service/sales.go:240.107,241.29 1 0
github.com/kusmin/gestao_updev/backend/internal/service/sales.go:241.29,242.20 1 0
github.com/kusmin/gestao_updev/backend/internal/service/sales.go:243.18,244.93 1 0
github.com/kusmin/gestao_updev/backend/internal/service/sales.go:244.93,246.5 1 0
github.com/kusmin/gestao_updev/backend/internal/service/sales.go:247.18,248.93 1 0
github.com/kusmin/gestao_updev/backend/internal/service/sales.go:248.93,250.5 1 0
github.com/kusmin/gestao_updev/backend/internal/service/sales.go:251.11,252.66 1 0
github.com/kusmin/gestao_updev/backend/internal/service/sales.go:255.2,255.12 1 0
github.com/kusmin/gestao_updev/backend/internal/service/service.go:29.110,36.2 1 0
github.com/kusmin/gestao_updev/backend/internal/service/service.go:38.63,40.2 1 0
github.com/kusmin/gestao_updev/backend/internal/service/service.go:42.54,44.2 1 0
github.com/kusmin/gestao_updev/backend/internal/service/service.go:46.65,47.15 1 0
github.com/kusmin/gestao_updev/backend/internal/service/service.go:47.15,49.3 1 0
github.com/kusmin/gestao_updev/backend/internal/service/service.go:50.2,50.18 1 0
github.com/kusmin/gestao_updev/backend/internal/service/service.go:50.18,52.3 1 0
github.com/kusmin/gestao_updev/backend/internal/service/service.go:53.2,53.19 1 0
github.com/kusmin/gestao_updev/backend/internal/service/service.go:53.19,55.3 1 0
github.com/kusmin/gestao_updev/backend/internal/service/service.go:56.2,56.22 1 0
github.com/kusmin/gestao_updev/backend/internal/service/service.go:59.114,64.2 1 0
github.com/kusmin/gestao_updev/backend/internal/service/users.go:38.120,46.23 5 0
github.com/kusmin/gestao_updev/backend/internal/service/users.go:46.23,48.3 1 0
github.com/kusmin/gestao_updev/backend/internal/service/users.go:50.2,50.50 1 0
github.com/kusmin/gestao_updev/backend/internal/service/users.go:50.50,52.3 1 0
github.com/kusmin/gestao_updev/backend/internal/service/users.go:54.2,54.16 1 0
github.com/kusmin/gestao_updev/backend/internal/service/users.go:54.16,56.3 1 0
github.com/kusmin/gestao_updev/backend/internal/service/users.go:58.2,62.34 1 0
github.com/kusmin/gestao_updev/backend/internal/service/users.go:62.34,64.3 1 0
github.com/kusmin/gestao_updev/backend/internal/service/users.go:66.2,66.26 1 0
github.com/kusmin/gestao_updev/backend/internal/service/users.go:70.98,74.34 2 0
github.com/kusmin/gestao_updev/backend/internal/service/users.go:74.34,76.3 1 0
github.com/kusmin/gestao_updev/backend/internal/service/users.go:77.2,77.19 1 0
github.com/kusmin/gestao_updev/backend/internal/service/users.go:81.116,83.16 2 0
github.com/kusmin/gestao_updev/backend/internal/service/users.go:83.16,85.3 1 0
github.com/kusmin/gestao_updev/backend/internal/service/users.go:87.2,99.64 2 0
github.com/kusmin/gestao_updev/backend/internal/service/users.go:99.64,101.3 1 0
github.com/kusmin/gestao_updev/backend/internal/service/users.go:102.2,102.18 1 0
github.com/kusmin/gestao_updev/backend/internal/service/users.go:106.124,110.34 2 0
github.com/kusmin/gestao_updev/backend/internal/service/users.go:110.34,112.3 1 0
github.com/kusmin/gestao_updev/backend/internal/service/users.go:114.2,115.23 2 0
github.com/kusmin/gestao_updev/backend/internal/service/users.go:115.23,117.3 1 0
github.com/kusmin/gestao_updev/backend/internal/service/users.go:118.2,118.24 1 0
github.com/kusmin/gestao_updev/backend/internal/service/users.go:118.24,120.3 1 0
github.com/kusmin/gestao_updev/backend/internal/service/users.go:121.2,121.23 1 0
github.com/kusmin/gestao_updev/backend/internal/service/users.go:121.23,123.3 1 0
github.com/kusmin/gestao_updev/backend/internal/service/users.go:124.2,124.25 1 0
github.com/kusmin/gestao_updev/backend/internal/service/users.go:124.25,126.3 1 0
github.com/kusmin/gestao_updev/backend/internal/service/users.go:127.2,127.52 1 0
github.com/kusmin/gestao_updev/backend/internal/service/users.go:127.52,129.17 2 0
github.com/kusmin/gestao_updev/backend/internal/service/users.go:129.17,131.4 1 0
github.com/kusmin/gestao_updev/backend/internal/service/users.go:132.3,132.42 1 0
github.com/kusmin/gestao_updev/backend/internal/service/users.go:135.2,135.23 1 0
github.com/kusmin/gestao_updev/backend/internal/service/users.go:135.23,137.3 1 0
github.com/kusmin/gestao_updev/backend/internal/service/users.go:139.2,142.38 1 0
github.com/kusmin/gestao_updev/backend/internal/service/users.go:142.38,144.3 1 0
github.com/kusmin/gestao_updev/backend/internal/service/users.go:146.2,148.34 1 0
github.com/kusmin/gestao_updev/backend/internal/service/users.go:148.34,150.3 1 0
github.com/kusmin/gestao_updev/backend/internal/service/users.go:152.2,152.19 1 0
github.com/kusmin/gestao_updev/backend/internal/service/users.go:156.85,160.2 1 0
github.com/kusmin/gestao_updev/backend/pkg/database/database.go:22.40,23.19 1 0
github.com/kusmin/gestao_updev/backend/pkg/database/database.go:23.19,25.3 1 0
github.com/kusmin/gestao_updev/backend/pkg/database/database.go:27.2,32.16 3 0
github.com/kusmin/gestao_updev/backend/pkg/database/database.go:32.16,34.3 1 0
github.com/kusmin/gestao_updev/backend/pkg/database/database.go:36.2,37.16 2 0
github.com/kusmin/gestao_updev/backend/pkg/database/database.go:37.16,39.3 1 0
github.com/kusmin/gestao_updev/backend/pkg/database/database.go:41.2,41.26 1 0
github.com/kusmin/gestao_updev/backend/pkg/database/database.go:41.26,43.3 1 0
github.com/kusmin/gestao_updev/backend/pkg/database/database.go:44.2,44.26 1 0
github.com/kusmin/gestao_updev/backend/pkg/database/database.go:44.26,46.3 1 0
github.com/kusmin/gestao_updev/backend/pkg/database/database.go:47.2,47.29 1 0
github.com/kusmin/gestao_updev/backend/pkg/database/database.go:47.29,49.3 1 0
github.com/kusmin/gestao_updev/backend/pkg/database/database.go:51.2,51.16 1 0
github.com/kusmin/gestao_updev/backend/pkg/logger/logger.go:9.45,11.17 2 3
github.com/kusmin/gestao_updev/backend/pkg/logger/logger.go:11.17,12.64 1 2
github.com/kusmin/gestao_updev/backend/pkg/logger/logger.go:12.64,14.4 1 1
github.com/kusmin/gestao_updev/backend/pkg/logger/logger.go:16.2,18.20 3 2
github.com/kusmin/gestao_updev/backend/pkg/telemetry/telemetry.go:42.64,51.16 2 0
github.com/kusmin/gestao_updev/backend/pkg/telemetry/telemetry.go:51.16,53.3 1 0
github.com/kusmin/gestao_updev/backend/pkg/telemetry/telemetry.go:55.2,56.16 2 0
github.com/kusmin/gestao_updev/backend/pkg/telemetry/telemetry.go:56.16,58.3 1 0
github.com/kusmin/gestao_updev/backend/pkg/telemetry/telemetry.go:60.2,61.16 2 0
github.com/kusmin/gestao_updev/backend/pkg/telemetry/telemetry.go:61.16,63.3 1 0
github.com/kusmin/gestao_updev/backend/pkg/telemetry/telemetry.go:65.2,76.8 4 0
github.com/kusmin/gestao_updev/backend/pkg/telemetry/telemetry.go:80.57,82.14 2 0
github.com/kusmin/gestao_updev/backend/pkg/telemetry/telemetry.go:82.14,84.3 1 0
github.com/kusmin/gestao_updev/backend/pkg/telemetry/telemetry.go:85.2,85.28 1 0
github.com/kusmin/gestao_updev/backend/pkg/telemetry/telemetry.go:85.28,87.3 1 0
github.com/kusmin/gestao_updev/backend/pkg/telemetry/telemetry.go:88.2,88.29 1 0
github.com/kusmin/gestao_updev/backend/pkg/telemetry/telemetry.go:88.29,90.3 1 0
github.com/kusmin/gestao_updev/backend/pkg/telemetry/telemetry.go:91.2,91.12 1 0
github.com/kusmin/gestao_updev/backend/pkg/telemetry/telemetry.go:95.63,96.14 1 0
github.com/kusmin/gestao_updev/backend/pkg/telemetry/telemetry.go:96.14,98.3 1 0
github.com/kusmin/gestao_updev/backend/pkg/telemetry/telemetry.go:99.2,99.25 1 0
github.com/kusmin/gestao_updev/backend/pkg/telemetry/telemetry.go:103.59,104.14 1 0
github.com/kusmin/gestao_updev/backend/pkg/telemetry/telemetry.go:104.14,106.3 1 0
github.com/kusmin/gestao_updev/backend/pkg/telemetry/telemetry.go:107.2,107.24 1 0
github.com/kusmin/gestao_updev/backend/pkg/telemetry/telemetry.go:111.51,112.39 1 0
github.com/kusmin/gestao_updev/backend/pkg/telemetry/telemetry.go:112.39,114.3 1 0
github.com/kusmin/gestao_updev/backend/pkg/telemetry/telemetry.go:115.2,115.27 1 0
github.com/kusmin/gestao_updev/backend/pkg/telemetry/telemetry.go:118.106,120.16 2 0
github.com/kusmin/gestao_updev/backend/pkg/telemetry/telemetry.go:120.16,122.3 1 0
github.com/kusmin/gestao_updev/backend/pkg/telemetry/telemetry.go:123.2,127.37 2 0
github.com/kusmin/gestao_updev/backend/pkg/telemetry/telemetry.go:130.116,131.49 1 0
github.com/kusmin/gestao_updev/backend/pkg/telemetry/telemetry.go:131.49,137.23 2 0
github.com/kusmin/gestao_updev/backend/pkg/telemetry/telemetry.go:137.23,144.4 1 0
github.com/kusmin/gestao_updev/backend/pkg/telemetry/telemetry.go:145.3,146.17 2 0
github.com/kusmin/gestao_updev/backend/pkg/telemetry/telemetry.go:146.17,148.4 1 0
github.com/kusmin/gestao_updev/backend/pkg/telemetry/telemetry.go:149.3,152.9 1 0
github.com/kusmin/gestao_updev/backend/pkg/telemetry/telemetry.go:155.2,158.8 1 0
github.com/kusmin/gestao_updev/backend/pkg/telemetry/telemetry.go:161.58,166.30 2 0
github.com/kusmin/gestao_updev/backend/pkg/telemetry/telemetry.go:166.30,168.3 1 0
github.com/kusmin/gestao_updev/backend/pkg/telemetry/telemetry.go:169.2,169.14 1 0
github.com/kusmin/gestao_updev/backend/pkg/telemetry/telemetry.go:172.49,174.15 2 0
github.com/kusmin/gestao_updev/backend/pkg/telemetry/telemetry.go:174.15,176.3 1 0
github.com/kusmin/gestao_updev/backend/pkg/telemetry/telemetry.go:177.2,178.29 2 0
github.com/kusmin/gestao_updev/backend/pkg/telemetry/telemetry.go:178.29,180.22 2 0
github.com/kusmin/gestao_updev/backend/pkg/telemetry/telemetry.go:180.22,181.12 1 0
github.com/kusmin/gestao_updev/backend/pkg/telemetry/telemetry.go:183.3,183.69 1 0
github.com/kusmin/gestao_updev/backend/pkg/telemetry/telemetry.go:185.2,185.16 1 0
github.com/kusmin/gestao_updev/backend/pkg/telemetry/telemetry.go:42.64,51.16 2 0
github.com/kusmin/gestao_updev/backend/pkg/telemetry/telemetry.go:51.16,53.3 1 0
github.com/kusmin/gestao_updev/backend/pkg/telemetry/telemetry.go:55.2,56.16 2 0
github.com/kusmin/gestao_updev/backend/pkg/telemetry/telemetry.go:56.16,58.3 1 0
github.com/kusmin/gestao_updev/backend/pkg/telemetry/telemetry.go:60.2,61.16 2 0
github.com/kusmin/gestao_updev/backend/pkg/telemetry/telemetry.go:61.16,63.3 1 0
github.com/kusmin/gestao_updev/backend/pkg/telemetry/telemetry.go:65.2,76.8 4 0
github.com/kusmin/gestao_updev/backend/pkg/telemetry/telemetry.go:80.57,82.14 2 0
github.com/kusmin/gestao_updev/backend/pkg/telemetry/telemetry.go:82.14,84.3 1 0
github.com/kusmin/gestao_updev/backend/pkg/telemetry/telemetry.go:85.2,85.28 1 0
github.com/kusmin/gestao_updev/backend/pkg/telemetry/telemetry.go:85.28,87.3 1 0
github.com/kusmin/gestao_updev/backend/pkg/telemetry/telemetry.go:88.2,88.29 1 0
github.com/kusmin/gestao_updev/backend/pkg/telemetry/telemetry.go:88.29,90.3 1 0
github.com/kusmin/gestao_updev/backend/pkg/telemetry/telemetry.go:91.2,91.12 1 0
github.com/kusmin/gestao_updev/backend/pkg/telemetry/telemetry.go:95.63,96.14 1 0
github.com/kusmin/gestao_updev/backend/pkg/telemetry/telemetry.go:96.14,98.3 1 0
github.com/kusmin/gestao_updev/backend/pkg/telemetry/telemetry.go:99.2,99.25 1 0
github.com/kusmin/gestao_updev/backend/pkg/telemetry/telemetry.go:103.59,104.14 1 0
github.com/kusmin/gestao_updev/backend/pkg/telemetry/telemetry.go:104.14,106.3 1 0
github.com/kusmin/gestao_updev/backend/pkg/telemetry/telemetry.go:107.2,107.24 1 0
github.com/kusmin/gestao_updev/backend/pkg/telemetry/telemetry.go:111.51,112.39 1 0
github.com/kusmin/gestao_updev/backend/pkg/telemetry/telemetry.go:112.39,114.3 1 0
github.com/kusmin/gestao_updev/backend/pkg/telemetry/telemetry.go:115.2,115.27 1 0
github.com/kusmin/gestao_updev/backend/pkg/telemetry/telemetry.go:118.106,120.16 2 0
github.com/kusmin/gestao_updev/backend/pkg/telemetry/telemetry.go:120.16,122.3 1 0
github.com/kusmin/gestao_updev/backend/pkg/telemetry/telemetry.go:123.2,127.37 2 0
github.com/kusmin/gestao_updev/backend/pkg/telemetry/telemetry.go:130.116,131.49 1 0
github.com/kusmin/gestao_updev/backend/pkg/telemetry/telemetry.go:131.49,137.23 2 0
github.com/kusmin/gestao_updev/backend/pkg/telemetry/telemetry.go:137.23,144.4 1 0
github.com/kusmin/gestao_updev/backend/pkg/telemetry/telemetry.go:145.3,146.17 2 0
github.com/kusmin/gestao_updev/backend/pkg/telemetry/telemetry.go:146.17,148.4 1 0
github.com/kusmin/gestao_updev/backend/pkg/telemetry/telemetry.go:149.3,152.9 1 0
github.com/kusmin/gestao_updev/backend/pkg/telemetry/telemetry.go:155.2,158.8 1 0
github.com/kusmin/gestao_updev/backend/pkg/telemetry/telemetry.go:161.58,166.30 2 0
github.com/kusmin/gestao_updev/backend/pkg/telemetry/telemetry.go:166.30,168.3 1 0
github.com/kusmin/gestao_updev/backend/pkg/telemetry/telemetry.go:169.2,169.14 1 0
github.com/kusmin/gestao_updev/backend/pkg/telemetry/telemetry.go:172.49,174.15 2 0
github.com/kusmin/gestao_updev/backend/pkg/telemetry/telemetry.go:174.15,176.3 1 0
github.com/kusmin/gestao_updev/backend/pkg/telemetry/telemetry.go:177.2,178.29 2 0
github.com/kusmin/gestao_updev/backend/pkg/telemetry/telemetry.go:178.29,180.22 2 0
github.com/kusmin/gestao_updev/backend/pkg/telemetry/telemetry.go:180.22,181.12 1 0
github.com/kusmin/gestao_updev/backend/pkg/telemetry/telemetry.go:183.3,183.69 1 0
github.com/kusmin/gestao_updev/backend/pkg/telemetry/telemetry.go:185.2,185.16 1 0
